{"/Users/malte.winckler/Documents/personal/banking-bot/services/frontend/src/api/accounts.ts": {"path":"/Users/malte.winckler/Documents/personal/banking-bot/services/frontend/src/api/accounts.ts","statementMap":{"0":{"start":{"line":28,"column":8},"end":{"line":28,"column":null}},"1":{"start":{"line":29,"column":19},"end":{"line":29,"column":null}},"2":{"start":{"line":32,"column":2},"end":{"line":35,"column":null}},"3":{"start":{"line":42,"column":2},"end":{"line":42,"column":null}},"4":{"start":{"line":58,"column":2},"end":{"line":58,"column":null}},"5":{"start":{"line":72,"column":2},"end":{"line":72,"column":null}},"6":{"start":{"line":79,"column":2},"end":{"line":79,"column":null}},"7":{"start":{"line":115,"column":2},"end":{"line":115,"column":null}},"8":{"start":{"line":130,"column":8},"end":{"line":130,"column":null}},"9":{"start":{"line":131,"column":2},"end":{"line":131,"column":null}},"10":{"start":{"line":160,"column":2},"end":{"line":160,"column":null}}},"fnMap":{"0":{"name":"listAccounts","decl":{"start":{"line":27,"column":22},"end":{"line":27,"column":35}},"loc":{"start":{"line":27,"column":100},"end":{"line":36,"column":null}},"line":27},"1":{"name":"getAccount","decl":{"start":{"line":41,"column":22},"end":{"line":41,"column":33}},"loc":{"start":{"line":41,"column":63},"end":{"line":43,"column":null}},"line":41},"2":{"name":"createAccount","decl":{"start":{"line":57,"column":22},"end":{"line":57,"column":36}},"loc":{"start":{"line":57,"column":79},"end":{"line":59,"column":null}},"line":57},"3":{"name":"updateAccount","decl":{"start":{"line":71,"column":22},"end":{"line":71,"column":36}},"loc":{"start":{"line":71,"column":91},"end":{"line":73,"column":null}},"line":71},"4":{"name":"deactivateAccount","decl":{"start":{"line":78,"column":22},"end":{"line":78,"column":40}},"loc":{"start":{"line":78,"column":67},"end":{"line":80,"column":null}},"line":78},"5":{"name":"initChartOfAccounts","decl":{"start":{"line":112,"column":22},"end":{"line":112,"column":null}},"loc":{"start":{"line":114,"column":30},"end":{"line":116,"column":null}},"line":114},"6":{"name":"getAccountStats","decl":{"start":{"line":126,"column":22},"end":{"line":126,"column":null}},"loc":{"start":{"line":129,"column":25},"end":{"line":132,"column":null}},"line":129},"7":{"name":"getReconciliation","decl":{"start":{"line":159,"column":22},"end":{"line":159,"column":73}},"loc":{"start":{"line":159,"column":73},"end":{"line":161,"column":null}},"line":159}},"branchMap":{"0":{"loc":{"start":{"line":28,"column":33},"end":{"line":28,"column":45}},"type":"binary-expr","locations":[{"start":{"line":28,"column":33},"end":{"line":28,"column":43}},{"start":{"line":28,"column":43},"end":{"line":28,"column":45}}],"line":28},"1":{"loc":{"start":{"line":113,"column":2},"end":{"line":113,"column":null}},"type":"default-arg","locations":[{"start":{"line":113,"column":28},"end":{"line":113,"column":null}}],"line":113},"2":{"loc":{"start":{"line":130,"column":33},"end":{"line":130,"column":45}},"type":"binary-expr","locations":[{"start":{"line":130,"column":33},"end":{"line":130,"column":43}},{"start":{"line":130,"column":43},"end":{"line":130,"column":45}}],"line":130}},"s":{"0":0,"1":0,"2":0,"3":0,"4":0,"5":0,"6":0,"7":0,"8":0,"9":0,"10":0},"f":{"0":0,"1":0,"2":0,"3":0,"4":0,"5":0,"6":0,"7":0},"b":{"0":[0,0],"1":[0],"2":[0,0]},"meta":{"lastBranch":3,"lastFunction":8,"lastStatement":11,"seen":{"f:27:22:27:35":0,"s:28:8:28:Infinity":0,"b:28:33:28:43:28:43:28:45":0,"s:29:19:29:Infinity":1,"s:32:2:35:Infinity":2,"f:41:22:41:33":1,"s:42:2:42:Infinity":3,"f:57:22:57:36":2,"s:58:2:58:Infinity":4,"f:71:22:71:36":3,"s:72:2:72:Infinity":5,"f:78:22:78:40":4,"s:79:2:79:Infinity":6,"f:112:22:112:Infinity":5,"b:113:28:113:Infinity":1,"s:115:2:115:Infinity":7,"f:126:22:126:Infinity":6,"s:130:8:130:Infinity":8,"b:130:33:130:43:130:43:130:45":2,"s:131:2:131:Infinity":9,"f:159:22:159:73":7,"s:160:2:160:Infinity":10}}}
,"/Users/malte.winckler/Documents/personal/banking-bot/services/frontend/src/api/ai.ts": {"path":"/Users/malte.winckler/Documents/personal/banking-bot/services/frontend/src/api/ai.ts","statementMap":{"0":{"start":{"line":95,"column":2},"end":{"line":95,"column":null}},"1":{"start":{"line":102,"column":2},"end":{"line":102,"column":null}},"2":{"start":{"line":109,"column":2},"end":{"line":109,"column":null}},"3":{"start":{"line":124,"column":8},"end":{"line":124,"column":null}},"4":{"start":{"line":125,"column":14},"end":{"line":125,"column":null}},"5":{"start":{"line":129,"column":21},"end":{"line":129,"column":null}},"6":{"start":{"line":131,"column":19},"end":{"line":199,"column":null}},"7":{"start":{"line":132,"column":4},"end":{"line":198,"column":null}},"8":{"start":{"line":133,"column":23},"end":{"line":141,"column":null}},"9":{"start":{"line":143,"column":6},"end":{"line":147,"column":null}},"10":{"start":{"line":144,"column":22},"end":{"line":144,"column":null}},"11":{"start":{"line":145,"column":8},"end":{"line":145,"column":null}},"12":{"start":{"line":146,"column":8},"end":{"line":146,"column":null}},"13":{"start":{"line":149,"column":21},"end":{"line":149,"column":null}},"14":{"start":{"line":150,"column":6},"end":{"line":153,"column":null}},"15":{"start":{"line":151,"column":8},"end":{"line":151,"column":null}},"16":{"start":{"line":152,"column":8},"end":{"line":152,"column":null}},"17":{"start":{"line":155,"column":22},"end":{"line":155,"column":null}},"18":{"start":{"line":156,"column":19},"end":{"line":156,"column":null}},"19":{"start":{"line":158,"column":6},"end":{"line":191,"column":null}},"20":{"start":{"line":159,"column":32},"end":{"line":159,"column":null}},"21":{"start":{"line":161,"column":8},"end":{"line":164,"column":null}},"22":{"start":{"line":162,"column":10},"end":{"line":162,"column":null}},"23":{"start":{"line":163,"column":10},"end":{"line":163,"column":null}},"24":{"start":{"line":166,"column":8},"end":{"line":166,"column":null}},"25":{"start":{"line":169,"column":22},"end":{"line":169,"column":null}},"26":{"start":{"line":170,"column":8},"end":{"line":170,"column":null}},"27":{"start":{"line":172,"column":8},"end":{"line":190,"column":null}},"28":{"start":{"line":173,"column":10},"end":{"line":189,"column":null}},"29":{"start":{"line":174,"column":12},"end":{"line":188,"column":null}},"30":{"start":{"line":175,"column":27},"end":{"line":175,"column":null}},"31":{"start":{"line":176,"column":14},"end":{"line":176,"column":null}},"32":{"start":{"line":178,"column":14},"end":{"line":185,"column":null}},"33":{"start":{"line":179,"column":16},"end":{"line":183,"column":null}},"34":{"start":{"line":180,"column":18},"end":{"line":180,"column":null}},"35":{"start":{"line":182,"column":18},"end":{"line":182,"column":null}},"36":{"start":{"line":184,"column":16},"end":{"line":184,"column":null}},"37":{"start":{"line":193,"column":6},"end":{"line":196,"column":null}},"38":{"start":{"line":195,"column":8},"end":{"line":195,"column":null}},"39":{"start":{"line":197,"column":6},"end":{"line":197,"column":null}},"40":{"start":{"line":201,"column":2},"end":{"line":201,"column":null}},"41":{"start":{"line":204,"column":2},"end":{"line":204,"column":null}},"42":{"start":{"line":204,"column":15},"end":{"line":204,"column":null}},"43":{"start":{"line":211,"column":2},"end":{"line":211,"column":null}},"44":{"start":{"line":218,"column":2},"end":{"line":218,"column":null}},"45":{"start":{"line":225,"column":2},"end":{"line":225,"column":null}},"46":{"start":{"line":232,"column":2},"end":{"line":232,"column":null}}},"fnMap":{"0":{"name":"getAIStatus","decl":{"start":{"line":94,"column":22},"end":{"line":94,"column":55}},"loc":{"start":{"line":94,"column":55},"end":{"line":96,"column":null}},"line":94},"1":{"name":"listAIModels","decl":{"start":{"line":101,"column":22},"end":{"line":101,"column":64}},"loc":{"start":{"line":101,"column":64},"end":{"line":103,"column":null}},"line":101},"2":{"name":"getModelInfo","decl":{"start":{"line":108,"column":22},"end":{"line":108,"column":35}},"loc":{"start":{"line":108,"column":72},"end":{"line":110,"column":null}},"line":108},"3":{"name":"pullModel","decl":{"start":{"line":118,"column":16},"end":{"line":118,"column":null}},"loc":{"start":{"line":123,"column":14},"end":{"line":205,"column":null}},"line":123},"4":{"name":"(anonymous_4)","decl":{"start":{"line":131,"column":19},"end":{"line":131,"column":31}},"loc":{"start":{"line":131,"column":31},"end":{"line":199,"column":null}},"line":131},"5":{"name":"(anonymous_5)","decl":{"start":{"line":204,"column":9},"end":{"line":204,"column":15}},"loc":{"start":{"line":204,"column":15},"end":{"line":204,"column":null}},"line":204},"6":{"name":"getAISettings","decl":{"start":{"line":210,"column":22},"end":{"line":210,"column":59}},"loc":{"start":{"line":210,"column":59},"end":{"line":212,"column":null}},"line":210},"7":{"name":"updateAISettings","decl":{"start":{"line":217,"column":22},"end":{"line":217,"column":39}},"loc":{"start":{"line":217,"column":87},"end":{"line":219,"column":null}},"line":217},"8":{"name":"testAIClassification","decl":{"start":{"line":224,"column":22},"end":{"line":224,"column":43}},"loc":{"start":{"line":224,"column":92},"end":{"line":226,"column":null}},"line":224},"9":{"name":"getAITestExamples","decl":{"start":{"line":231,"column":22},"end":{"line":231,"column":68}},"loc":{"start":{"line":231,"column":68},"end":{"line":233,"column":null}},"line":231}},"branchMap":{"0":{"loc":{"start":{"line":136,"column":25},"end":{"line":136,"column":null}},"type":"cond-expr","locations":[{"start":{"line":136,"column":33},"end":{"line":136,"column":53}},{"start":{"line":136,"column":53},"end":{"line":136,"column":null}}],"line":136},"1":{"loc":{"start":{"line":143,"column":6},"end":{"line":147,"column":null}},"type":"if","locations":[{"start":{"line":143,"column":6},"end":{"line":147,"column":null}},{"start":{},"end":{}}],"line":143},"2":{"loc":{"start":{"line":145,"column":16},"end":{"line":145,"column":50}},"type":"binary-expr","locations":[{"start":{"line":145,"column":16},"end":{"line":145,"column":25}},{"start":{"line":145,"column":25},"end":{"line":145,"column":50}}],"line":145},"3":{"loc":{"start":{"line":150,"column":6},"end":{"line":153,"column":null}},"type":"if","locations":[{"start":{"line":150,"column":6},"end":{"line":153,"column":null}},{"start":{},"end":{}}],"line":150},"4":{"loc":{"start":{"line":161,"column":8},"end":{"line":164,"column":null}},"type":"if","locations":[{"start":{"line":161,"column":8},"end":{"line":164,"column":null}},{"start":{},"end":{}}],"line":161},"5":{"loc":{"start":{"line":170,"column":17},"end":{"line":170,"column":null}},"type":"binary-expr","locations":[{"start":{"line":170,"column":17},"end":{"line":170,"column":32}},{"start":{"line":170,"column":32},"end":{"line":170,"column":null}}],"line":170},"6":{"loc":{"start":{"line":173,"column":10},"end":{"line":189,"column":null}},"type":"if","locations":[{"start":{"line":173,"column":10},"end":{"line":189,"column":null}},{"start":{},"end":{}}],"line":173},"7":{"loc":{"start":{"line":178,"column":14},"end":{"line":185,"column":null}},"type":"if","locations":[{"start":{"line":178,"column":14},"end":{"line":185,"column":null}},{"start":{},"end":{}}],"line":178},"8":{"loc":{"start":{"line":178,"column":18},"end":{"line":178,"column":50}},"type":"binary-expr","locations":[{"start":{"line":178,"column":18},"end":{"line":178,"column":38}},{"start":{"line":178,"column":38},"end":{"line":178,"column":50}}],"line":178},"9":{"loc":{"start":{"line":179,"column":16},"end":{"line":183,"column":null}},"type":"if","locations":[{"start":{"line":179,"column":16},"end":{"line":183,"column":null}},{"start":{"line":181,"column":23},"end":{"line":183,"column":null}}],"line":179},"10":{"loc":{"start":{"line":193,"column":6},"end":{"line":196,"column":null}},"type":"if","locations":[{"start":{"line":193,"column":6},"end":{"line":196,"column":null}},{"start":{},"end":{}}],"line":193},"11":{"loc":{"start":{"line":193,"column":10},"end":{"line":193,"column":57}},"type":"binary-expr","locations":[{"start":{"line":193,"column":10},"end":{"line":193,"column":32}},{"start":{"line":193,"column":32},"end":{"line":193,"column":57}}],"line":193},"12":{"loc":{"start":{"line":197,"column":14},"end":{"line":197,"column":62}},"type":"cond-expr","locations":[{"start":{"line":197,"column":35},"end":{"line":197,"column":47}},{"start":{"line":197,"column":47},"end":{"line":197,"column":62}}],"line":197}},"s":{"0":0,"1":0,"2":0,"3":0,"4":0,"5":0,"6":0,"7":0,"8":0,"9":0,"10":0,"11":0,"12":0,"13":0,"14":0,"15":0,"16":0,"17":0,"18":0,"19":0,"20":0,"21":0,"22":0,"23":0,"24":0,"25":0,"26":0,"27":0,"28":0,"29":0,"30":0,"31":0,"32":0,"33":0,"34":0,"35":0,"36":0,"37":0,"38":0,"39":0,"40":0,"41":0,"42":0,"43":0,"44":0,"45":0,"46":0},"f":{"0":0,"1":0,"2":0,"3":0,"4":0,"5":0,"6":0,"7":0,"8":0,"9":0},"b":{"0":[0,0],"1":[0,0],"2":[0,0],"3":[0,0],"4":[0,0],"5":[0,0],"6":[0,0],"7":[0,0],"8":[0,0],"9":[0,0],"10":[0,0],"11":[0,0],"12":[0,0]},"meta":{"lastBranch":13,"lastFunction":10,"lastStatement":47,"seen":{"f:94:22:94:55":0,"s:95:2:95:Infinity":0,"f:101:22:101:64":1,"s:102:2:102:Infinity":1,"f:108:22:108:35":2,"s:109:2:109:Infinity":2,"f:118:16:118:Infinity":3,"s:124:8:124:Infinity":3,"s:125:14:125:Infinity":4,"s:129:21:129:Infinity":5,"s:131:19:199:Infinity":6,"f:131:19:131:31":4,"s:132:4:198:Infinity":7,"s:133:23:141:Infinity":8,"b:136:33:136:53:136:53:136:Infinity":0,"b:143:6:147:Infinity:undefined:undefined:undefined:undefined":1,"s:143:6:147:Infinity":9,"s:144:22:144:Infinity":10,"s:145:8:145:Infinity":11,"b:145:16:145:25:145:25:145:50":2,"s:146:8:146:Infinity":12,"s:149:21:149:Infinity":13,"b:150:6:153:Infinity:undefined:undefined:undefined:undefined":3,"s:150:6:153:Infinity":14,"s:151:8:151:Infinity":15,"s:152:8:152:Infinity":16,"s:155:22:155:Infinity":17,"s:156:19:156:Infinity":18,"s:158:6:191:Infinity":19,"s:159:32:159:Infinity":20,"b:161:8:164:Infinity:undefined:undefined:undefined:undefined":4,"s:161:8:164:Infinity":21,"s:162:10:162:Infinity":22,"s:163:10:163:Infinity":23,"s:166:8:166:Infinity":24,"s:169:22:169:Infinity":25,"s:170:8:170:Infinity":26,"b:170:17:170:32:170:32:170:Infinity":5,"s:172:8:190:Infinity":27,"b:173:10:189:Infinity:undefined:undefined:undefined:undefined":6,"s:173:10:189:Infinity":28,"s:174:12:188:Infinity":29,"s:175:27:175:Infinity":30,"s:176:14:176:Infinity":31,"b:178:14:185:Infinity:undefined:undefined:undefined:undefined":7,"s:178:14:185:Infinity":32,"b:178:18:178:38:178:38:178:50":8,"b:179:16:183:Infinity:181:23:183:Infinity":9,"s:179:16:183:Infinity":33,"s:180:18:180:Infinity":34,"s:182:18:182:Infinity":35,"s:184:16:184:Infinity":36,"b:193:6:196:Infinity:undefined:undefined:undefined:undefined":10,"s:193:6:196:Infinity":37,"b:193:10:193:32:193:32:193:57":11,"s:195:8:195:Infinity":38,"s:197:6:197:Infinity":39,"b:197:35:197:47:197:47:197:62":12,"s:201:2:201:Infinity":40,"s:204:2:204:Infinity":41,"f:204:9:204:15":5,"s:204:15:204:Infinity":42,"f:210:22:210:59":6,"s:211:2:211:Infinity":43,"f:217:22:217:39":7,"s:218:2:218:Infinity":44,"f:224:22:224:43":8,"s:225:2:225:Infinity":45,"f:231:22:231:68":9,"s:232:2:232:Infinity":46}}}
,"/Users/malte.winckler/Documents/personal/banking-bot/services/frontend/src/api/analytics.ts": {"path":"/Users/malte.winckler/Documents/personal/banking-bot/services/frontend/src/api/analytics.ts","statementMap":{"0":{"start":{"line":33,"column":8},"end":{"line":37,"column":null}},"1":{"start":{"line":38,"column":2},"end":{"line":38,"column":null}},"2":{"start":{"line":45,"column":8},"end":{"line":49,"column":null}},"3":{"start":{"line":50,"column":2},"end":{"line":50,"column":null}},"4":{"start":{"line":62,"column":8},"end":{"line":67,"column":null}},"5":{"start":{"line":68,"column":2},"end":{"line":68,"column":null}},"6":{"start":{"line":78,"column":8},"end":{"line":82,"column":null}},"7":{"start":{"line":83,"column":2},"end":{"line":83,"column":null}},"8":{"start":{"line":94,"column":8},"end":{"line":98,"column":null}},"9":{"start":{"line":99,"column":2},"end":{"line":99,"column":null}},"10":{"start":{"line":106,"column":8},"end":{"line":110,"column":null}},"11":{"start":{"line":111,"column":2},"end":{"line":111,"column":null}},"12":{"start":{"line":122,"column":8},"end":{"line":126,"column":null}},"13":{"start":{"line":127,"column":2},"end":{"line":127,"column":null}},"14":{"start":{"line":134,"column":8},"end":{"line":138,"column":null}},"15":{"start":{"line":139,"column":2},"end":{"line":139,"column":null}},"16":{"start":{"line":146,"column":8},"end":{"line":150,"column":null}},"17":{"start":{"line":151,"column":2},"end":{"line":151,"column":null}},"18":{"start":{"line":162,"column":8},"end":{"line":166,"column":null}},"19":{"start":{"line":167,"column":2},"end":{"line":167,"column":null}},"20":{"start":{"line":181,"column":8},"end":{"line":184,"column":null}},"21":{"start":{"line":185,"column":2},"end":{"line":185,"column":null}},"22":{"start":{"line":196,"column":8},"end":{"line":200,"column":null}},"23":{"start":{"line":201,"column":2},"end":{"line":201,"column":null}}},"fnMap":{"0":{"name":"getSpendingOverTime","decl":{"start":{"line":32,"column":22},"end":{"line":32,"column":42}},"loc":{"start":{"line":32,"column":105},"end":{"line":39,"column":null}},"line":32},"1":{"name":"getSpendingBreakdown","decl":{"start":{"line":44,"column":22},"end":{"line":44,"column":43}},"loc":{"start":{"line":44,"column":105},"end":{"line":51,"column":null}},"line":44},"2":{"name":"getTopExpenses","decl":{"start":{"line":56,"column":22},"end":{"line":56,"column":37}},"loc":{"start":{"line":61,"column":33},"end":{"line":69,"column":null}},"line":61},"3":{"name":"getSingleAccountSpending","decl":{"start":{"line":74,"column":22},"end":{"line":74,"column":null}},"loc":{"start":{"line":77,"column":31},"end":{"line":84,"column":null}},"line":77},"4":{"name":"getIncomeOverTime","decl":{"start":{"line":93,"column":22},"end":{"line":93,"column":40}},"loc":{"start":{"line":93,"column":95},"end":{"line":100,"column":null}},"line":93},"5":{"name":"getIncomeBreakdown","decl":{"start":{"line":105,"column":22},"end":{"line":105,"column":41}},"loc":{"start":{"line":105,"column":101},"end":{"line":112,"column":null}},"line":105},"6":{"name":"getNetIncomeOverTime","decl":{"start":{"line":121,"column":22},"end":{"line":121,"column":43}},"loc":{"start":{"line":121,"column":98},"end":{"line":128,"column":null}},"line":121},"7":{"name":"getSavingsRate","decl":{"start":{"line":133,"column":22},"end":{"line":133,"column":37}},"loc":{"start":{"line":133,"column":92},"end":{"line":140,"column":null}},"line":133},"8":{"name":"getNetWorth","decl":{"start":{"line":145,"column":22},"end":{"line":145,"column":34}},"loc":{"start":{"line":145,"column":89},"end":{"line":152,"column":null}},"line":145},"9":{"name":"getBalanceHistory","decl":{"start":{"line":161,"column":22},"end":{"line":161,"column":40}},"loc":{"start":{"line":161,"column":103},"end":{"line":168,"column":null}},"line":161},"10":{"name":"getMonthComparison","decl":{"start":{"line":177,"column":22},"end":{"line":177,"column":41}},"loc":{"start":{"line":180,"column":37},"end":{"line":186,"column":null}},"line":180},"11":{"name":"getSankeyData","decl":{"start":{"line":195,"column":22},"end":{"line":195,"column":36}},"loc":{"start":{"line":195,"column":87},"end":{"line":202,"column":null}},"line":195}},"branchMap":{},"s":{"0":0,"1":0,"2":0,"3":0,"4":0,"5":0,"6":0,"7":0,"8":0,"9":0,"10":0,"11":0,"12":0,"13":0,"14":0,"15":0,"16":0,"17":0,"18":0,"19":0,"20":0,"21":0,"22":0,"23":0},"f":{"0":0,"1":0,"2":0,"3":0,"4":0,"5":0,"6":0,"7":0,"8":0,"9":0,"10":0,"11":0},"b":{},"meta":{"lastBranch":0,"lastFunction":12,"lastStatement":24,"seen":{"f:32:22:32:42":0,"s:33:8:37:Infinity":0,"s:38:2:38:Infinity":1,"f:44:22:44:43":1,"s:45:8:49:Infinity":2,"s:50:2:50:Infinity":3,"f:56:22:56:37":2,"s:62:8:67:Infinity":4,"s:68:2:68:Infinity":5,"f:74:22:74:Infinity":3,"s:78:8:82:Infinity":6,"s:83:2:83:Infinity":7,"f:93:22:93:40":4,"s:94:8:98:Infinity":8,"s:99:2:99:Infinity":9,"f:105:22:105:41":5,"s:106:8:110:Infinity":10,"s:111:2:111:Infinity":11,"f:121:22:121:43":6,"s:122:8:126:Infinity":12,"s:127:2:127:Infinity":13,"f:133:22:133:37":7,"s:134:8:138:Infinity":14,"s:139:2:139:Infinity":15,"f:145:22:145:34":8,"s:146:8:150:Infinity":16,"s:151:2:151:Infinity":17,"f:161:22:161:40":9,"s:162:8:166:Infinity":18,"s:167:2:167:Infinity":19,"f:177:22:177:41":10,"s:181:8:184:Infinity":20,"s:185:2:185:Infinity":21,"f:195:22:195:36":11,"s:196:8:200:Infinity":22,"s:201:2:201:Infinity":23}}}
,"/Users/malte.winckler/Documents/personal/banking-bot/services/frontend/src/api/auth.ts": {"path":"/Users/malte.winckler/Documents/personal/banking-bot/services/frontend/src/api/auth.ts","statementMap":{"0":{"start":{"line":14,"column":19},"end":{"line":14,"column":null}},"1":{"start":{"line":15,"column":2},"end":{"line":15,"column":null}},"2":{"start":{"line":16,"column":2},"end":{"line":16,"column":null}},"3":{"start":{"line":26,"column":19},"end":{"line":26,"column":null}},"4":{"start":{"line":27,"column":2},"end":{"line":27,"column":null}},"5":{"start":{"line":28,"column":2},"end":{"line":28,"column":null}},"6":{"start":{"line":37,"column":2},"end":{"line":37,"column":null}},"7":{"start":{"line":44,"column":2},"end":{"line":44,"column":null}},"8":{"start":{"line":54,"column":2},"end":{"line":57,"column":null}}},"fnMap":{"0":{"name":"login","decl":{"start":{"line":13,"column":22},"end":{"line":13,"column":28}},"loc":{"start":{"line":13,"column":78},"end":{"line":17,"column":null}},"line":13},"1":{"name":"register","decl":{"start":{"line":25,"column":22},"end":{"line":25,"column":31}},"loc":{"start":{"line":25,"column":77},"end":{"line":29,"column":null}},"line":25},"2":{"name":"logout","decl":{"start":{"line":36,"column":22},"end":{"line":36,"column":46}},"loc":{"start":{"line":36,"column":46},"end":{"line":38,"column":null}},"line":36},"3":{"name":"getCurrentUser","decl":{"start":{"line":43,"column":22},"end":{"line":43,"column":58}},"loc":{"start":{"line":43,"column":58},"end":{"line":45,"column":null}},"line":43},"4":{"name":"changePassword","decl":{"start":{"line":50,"column":22},"end":{"line":50,"column":null}},"loc":{"start":{"line":53,"column":17},"end":{"line":58,"column":null}},"line":53}},"branchMap":{},"s":{"0":0,"1":0,"2":0,"3":0,"4":0,"5":0,"6":0,"7":0,"8":0},"f":{"0":0,"1":0,"2":0,"3":0,"4":0},"b":{},"meta":{"lastBranch":0,"lastFunction":5,"lastStatement":9,"seen":{"f:13:22:13:28":0,"s:14:19:14:Infinity":0,"s:15:2:15:Infinity":1,"s:16:2:16:Infinity":2,"f:25:22:25:31":1,"s:26:19:26:Infinity":3,"s:27:2:27:Infinity":4,"s:28:2:28:Infinity":5,"f:36:22:36:46":2,"s:37:2:37:Infinity":6,"f:43:22:43:58":3,"s:44:2:44:Infinity":7,"f:50:22:50:Infinity":4,"s:54:2:57:Infinity":8}}}
,"/Users/malte.winckler/Documents/personal/banking-bot/services/frontend/src/api/client.ts": {"path":"/Users/malte.winckler/Documents/personal/banking-bot/services/frontend/src/api/client.ts","statementMap":{"0":{"start":{"line":3,"column":24},"end":{"line":3,"column":null}},"1":{"start":{"line":6,"column":24},"end":{"line":6,"column":null}},"2":{"start":{"line":9,"column":28},"end":{"line":9,"column":null}},"3":{"start":{"line":21,"column":33},"end":{"line":21,"column":null}},"4":{"start":{"line":24,"column":2},"end":{"line":24,"column":null}},"5":{"start":{"line":28,"column":2},"end":{"line":28,"column":null}},"6":{"start":{"line":32,"column":2},"end":{"line":32,"column":null}},"7":{"start":{"line":39,"column":25},"end":{"line":39,"column":null}},"8":{"start":{"line":40,"column":33},"end":{"line":40,"column":null}},"9":{"start":{"line":46,"column":2},"end":{"line":46,"column":null}},"10":{"start":{"line":47,"column":2},"end":{"line":47,"column":null}},"11":{"start":{"line":59,"column":4},"end":{"line":59,"column":null}},"12":{"start":{"line":60,"column":4},"end":{"line":60,"column":null}},"13":{"start":{"line":61,"column":4},"end":{"line":61,"column":null}},"14":{"start":{"line":62,"column":4},"end":{"line":62,"column":null}},"15":{"start":{"line":63,"column":4},"end":{"line":63,"column":null}},"16":{"start":{"line":78,"column":57},"end":{"line":78,"column":null}},"17":{"start":{"line":79,"column":16},"end":{"line":79,"column":null}},"18":{"start":{"line":81,"column":31},"end":{"line":84,"column":null}},"19":{"start":{"line":86,"column":2},"end":{"line":88,"column":null}},"20":{"start":{"line":87,"column":6},"end":{"line":87,"column":null}},"21":{"start":{"line":91,"column":21},"end":{"line":91,"column":null}},"22":{"start":{"line":92,"column":20},"end":{"line":92,"column":null}},"23":{"start":{"line":92,"column":37},"end":{"line":92,"column":57}},"24":{"start":{"line":94,"column":2},"end":{"line":167,"column":null}},"25":{"start":{"line":95,"column":21},"end":{"line":100,"column":null}},"26":{"start":{"line":102,"column":4},"end":{"line":102,"column":null}},"27":{"start":{"line":105,"column":4},"end":{"line":148,"column":null}},"28":{"start":{"line":106,"column":24},"end":{"line":106,"column":null}},"29":{"start":{"line":107,"column":6},"end":{"line":147,"column":null}},"30":{"start":{"line":109,"column":25},"end":{"line":109,"column":null}},"31":{"start":{"line":110,"column":10},"end":{"line":110,"column":null}},"32":{"start":{"line":112,"column":32},"end":{"line":112,"column":null}},"33":{"start":{"line":113,"column":31},"end":{"line":113,"column":null}},"34":{"start":{"line":113,"column":48},"end":{"line":113,"column":73}},"35":{"start":{"line":115,"column":8},"end":{"line":142,"column":null}},"36":{"start":{"line":116,"column":32},"end":{"line":121,"column":null}},"37":{"start":{"line":123,"column":10},"end":{"line":123,"column":null}},"38":{"start":{"line":125,"column":10},"end":{"line":128,"column":null}},"39":{"start":{"line":126,"column":26},"end":{"line":126,"column":null}},"40":{"start":{"line":127,"column":12},"end":{"line":127,"column":null}},"41":{"start":{"line":131,"column":10},"end":{"line":133,"column":null}},"42":{"start":{"line":132,"column":12},"end":{"line":132,"column":null}},"43":{"start":{"line":135,"column":10},"end":{"line":135,"column":null}},"44":{"start":{"line":137,"column":10},"end":{"line":137,"column":null}},"45":{"start":{"line":138,"column":10},"end":{"line":140,"column":null}},"46":{"start":{"line":139,"column":12},"end":{"line":139,"column":null}},"47":{"start":{"line":141,"column":10},"end":{"line":141,"column":null}},"48":{"start":{"line":145,"column":8},"end":{"line":145,"column":null}},"49":{"start":{"line":146,"column":8},"end":{"line":146,"column":null}},"50":{"start":{"line":150,"column":4},"end":{"line":153,"column":null}},"51":{"start":{"line":151,"column":20},"end":{"line":151,"column":null}},"52":{"start":{"line":152,"column":6},"end":{"line":152,"column":null}},"53":{"start":{"line":156,"column":4},"end":{"line":158,"column":null}},"54":{"start":{"line":157,"column":6},"end":{"line":157,"column":null}},"55":{"start":{"line":160,"column":4},"end":{"line":160,"column":null}},"56":{"start":{"line":162,"column":4},"end":{"line":162,"column":null}},"57":{"start":{"line":163,"column":4},"end":{"line":165,"column":null}},"58":{"start":{"line":164,"column":6},"end":{"line":164,"column":null}},"59":{"start":{"line":166,"column":4},"end":{"line":166,"column":null}},"60":{"start":{"line":174,"column":2},"end":{"line":182,"column":null}},"61":{"start":{"line":175,"column":18},"end":{"line":175,"column":null}},"62":{"start":{"line":176,"column":4},"end":{"line":178,"column":null}},"63":{"start":{"line":177,"column":6},"end":{"line":177,"column":null}},"64":{"start":{"line":179,"column":4},"end":{"line":179,"column":null}},"65":{"start":{"line":181,"column":4},"end":{"line":181,"column":null}},"66":{"start":{"line":194,"column":2},"end":{"line":209,"column":null}},"67":{"start":{"line":195,"column":21},"end":{"line":200,"column":null}},"68":{"start":{"line":202,"column":4},"end":{"line":202,"column":null}},"69":{"start":{"line":202,"column":22},"end":{"line":202,"column":null}},"70":{"start":{"line":204,"column":17},"end":{"line":204,"column":null}},"71":{"start":{"line":205,"column":4},"end":{"line":205,"column":null}},"72":{"start":{"line":206,"column":4},"end":{"line":206,"column":null}},"73":{"start":{"line":208,"column":4},"end":{"line":208,"column":null}},"74":{"start":{"line":217,"column":2},"end":{"line":224,"column":null}},"75":{"start":{"line":218,"column":4},"end":{"line":221,"column":null}},"76":{"start":{"line":225,"column":2},"end":{"line":225,"column":null}},"77":{"start":{"line":231,"column":19},"end":{"line":258,"column":null}},"78":{"start":{"line":233,"column":4},"end":{"line":233,"column":null}},"79":{"start":{"line":236,"column":4},"end":{"line":240,"column":null}},"80":{"start":{"line":243,"column":4},"end":{"line":247,"column":null}},"81":{"start":{"line":250,"column":4},"end":{"line":254,"column":null}},"82":{"start":{"line":257,"column":4},"end":{"line":257,"column":null}}},"fnMap":{"0":{"name":"getAccessToken","decl":{"start":{"line":23,"column":16},"end":{"line":23,"column":48}},"loc":{"start":{"line":23,"column":48},"end":{"line":25,"column":null}},"line":23},"1":{"name":"setAccessToken","decl":{"start":{"line":27,"column":16},"end":{"line":27,"column":31}},"loc":{"start":{"line":27,"column":52},"end":{"line":29,"column":null}},"line":27},"2":{"name":"clearAccessToken","decl":{"start":{"line":31,"column":16},"end":{"line":31,"column":41}},"loc":{"start":{"line":31,"column":41},"end":{"line":33,"column":null}},"line":31},"3":{"name":"clearLegacyTokens","decl":{"start":{"line":45,"column":16},"end":{"line":45,"column":42}},"loc":{"start":{"line":45,"column":42},"end":{"line":48,"column":null}},"line":45},"4":{"name":"(anonymous_4)","decl":{"start":{"line":58,"column":2},"end":{"line":58,"column":14}},"loc":{"start":{"line":58,"column":66},"end":{"line":64,"column":null}},"line":58},"5":{"name":"fetchWithAuth","decl":{"start":{"line":74,"column":15},"end":{"line":74,"column":null}},"loc":{"start":{"line":77,"column":14},"end":{"line":168,"column":null}},"line":77},"6":{"name":"(anonymous_6)","decl":{"start":{"line":92,"column":31},"end":{"line":92,"column":37}},"loc":{"start":{"line":92,"column":37},"end":{"line":92,"column":57}},"line":92},"7":{"name":"(anonymous_7)","decl":{"start":{"line":113,"column":42},"end":{"line":113,"column":48}},"loc":{"start":{"line":113,"column":48},"end":{"line":113,"column":73}},"line":113},"8":{"name":"parseError","decl":{"start":{"line":173,"column":15},"end":{"line":173,"column":26}},"loc":{"start":{"line":173,"column":63},"end":{"line":183,"column":null}},"line":173},"9":{"name":"tryRefreshToken","decl":{"start":{"line":193,"column":22},"end":{"line":193,"column":58}},"loc":{"start":{"line":193,"column":58},"end":{"line":210,"column":null}},"line":193},"10":{"name":"clearSession","decl":{"start":{"line":216,"column":22},"end":{"line":216,"column":52}},"loc":{"start":{"line":216,"column":52},"end":{"line":226,"column":null}},"line":216},"11":{"name":"(anonymous_11)","decl":{"start":{"line":232,"column":7},"end":{"line":232,"column":11}},"loc":{"start":{"line":233,"column":4},"end":{"line":233,"column":null}},"line":233},"12":{"name":"(anonymous_12)","decl":{"start":{"line":235,"column":8},"end":{"line":235,"column":12}},"loc":{"start":{"line":236,"column":4},"end":{"line":240,"column":null}},"line":236},"13":{"name":"(anonymous_13)","decl":{"start":{"line":242,"column":7},"end":{"line":242,"column":11}},"loc":{"start":{"line":243,"column":4},"end":{"line":247,"column":null}},"line":243},"14":{"name":"(anonymous_14)","decl":{"start":{"line":249,"column":9},"end":{"line":249,"column":13}},"loc":{"start":{"line":250,"column":4},"end":{"line":254,"column":null}},"line":250},"15":{"name":"(anonymous_15)","decl":{"start":{"line":256,"column":10},"end":{"line":256,"column":14}},"loc":{"start":{"line":257,"column":4},"end":{"line":257,"column":null}},"line":257}},"branchMap":{"0":{"loc":{"start":{"line":76,"column":2},"end":{"line":76,"column":null}},"type":"default-arg","locations":[{"start":{"line":76,"column":26},"end":{"line":76,"column":null}}],"line":76},"1":{"loc":{"start":{"line":78,"column":10},"end":{"line":78,"column":37}},"type":"default-arg","locations":[{"start":{"line":78,"column":20},"end":{"line":78,"column":37}}],"line":78},"2":{"loc":{"start":{"line":86,"column":2},"end":{"line":88,"column":null}},"type":"if","locations":[{"start":{"line":86,"column":2},"end":{"line":88,"column":null}},{"start":{},"end":{}}],"line":86},"3":{"loc":{"start":{"line":105,"column":4},"end":{"line":148,"column":null}},"type":"if","locations":[{"start":{"line":105,"column":4},"end":{"line":148,"column":null}},{"start":{},"end":{}}],"line":105},"4":{"loc":{"start":{"line":107,"column":6},"end":{"line":147,"column":null}},"type":"if","locations":[{"start":{"line":107,"column":6},"end":{"line":147,"column":null}},{"start":{"line":143,"column":13},"end":{"line":147,"column":null}}],"line":107},"5":{"loc":{"start":{"line":125,"column":10},"end":{"line":128,"column":null}},"type":"if","locations":[{"start":{"line":125,"column":10},"end":{"line":128,"column":null}},{"start":{},"end":{}}],"line":125},"6":{"loc":{"start":{"line":131,"column":10},"end":{"line":133,"column":null}},"type":"if","locations":[{"start":{"line":131,"column":10},"end":{"line":133,"column":null}},{"start":{},"end":{}}],"line":131},"7":{"loc":{"start":{"line":138,"column":10},"end":{"line":140,"column":null}},"type":"if","locations":[{"start":{"line":138,"column":10},"end":{"line":140,"column":null}},{"start":{},"end":{}}],"line":138},"8":{"loc":{"start":{"line":138,"column":14},"end":{"line":138,"column":61}},"type":"binary-expr","locations":[{"start":{"line":138,"column":14},"end":{"line":138,"column":36}},{"start":{"line":138,"column":36},"end":{"line":138,"column":61}}],"line":138},"9":{"loc":{"start":{"line":150,"column":4},"end":{"line":153,"column":null}},"type":"if","locations":[{"start":{"line":150,"column":4},"end":{"line":153,"column":null}},{"start":{},"end":{}}],"line":150},"10":{"loc":{"start":{"line":156,"column":4},"end":{"line":158,"column":null}},"type":"if","locations":[{"start":{"line":156,"column":4},"end":{"line":158,"column":null}},{"start":{},"end":{}}],"line":156},"11":{"loc":{"start":{"line":163,"column":4},"end":{"line":165,"column":null}},"type":"if","locations":[{"start":{"line":163,"column":4},"end":{"line":165,"column":null}},{"start":{},"end":{}}],"line":163},"12":{"loc":{"start":{"line":163,"column":8},"end":{"line":163,"column":55}},"type":"binary-expr","locations":[{"start":{"line":163,"column":8},"end":{"line":163,"column":30}},{"start":{"line":163,"column":30},"end":{"line":163,"column":55}}],"line":163},"13":{"loc":{"start":{"line":176,"column":4},"end":{"line":178,"column":null}},"type":"if","locations":[{"start":{"line":176,"column":4},"end":{"line":178,"column":null}},{"start":{},"end":{}}],"line":176},"14":{"loc":{"start":{"line":181,"column":11},"end":{"line":181,"column":null}},"type":"binary-expr","locations":[{"start":{"line":181,"column":11},"end":{"line":181,"column":34}},{"start":{"line":181,"column":34},"end":{"line":181,"column":null}}],"line":181},"15":{"loc":{"start":{"line":202,"column":4},"end":{"line":202,"column":null}},"type":"if","locations":[{"start":{"line":202,"column":4},"end":{"line":202,"column":null}},{"start":{},"end":{}}],"line":202},"16":{"loc":{"start":{"line":239,"column":12},"end":{"line":239,"column":null}},"type":"cond-expr","locations":[{"start":{"line":239,"column":19},"end":{"line":239,"column":42}},{"start":{"line":239,"column":42},"end":{"line":239,"column":null}}],"line":239},"17":{"loc":{"start":{"line":246,"column":12},"end":{"line":246,"column":null}},"type":"cond-expr","locations":[{"start":{"line":246,"column":19},"end":{"line":246,"column":42}},{"start":{"line":246,"column":42},"end":{"line":246,"column":null}}],"line":246},"18":{"loc":{"start":{"line":253,"column":12},"end":{"line":253,"column":null}},"type":"cond-expr","locations":[{"start":{"line":253,"column":19},"end":{"line":253,"column":42}},{"start":{"line":253,"column":42},"end":{"line":253,"column":null}}],"line":253}},"s":{"0":0,"1":0,"2":0,"3":0,"4":0,"5":0,"6":0,"7":0,"8":0,"9":0,"10":0,"11":0,"12":0,"13":0,"14":0,"15":0,"16":0,"17":0,"18":0,"19":0,"20":0,"21":0,"22":0,"23":0,"24":0,"25":0,"26":0,"27":0,"28":0,"29":0,"30":0,"31":0,"32":0,"33":0,"34":0,"35":0,"36":0,"37":0,"38":0,"39":0,"40":0,"41":0,"42":0,"43":0,"44":0,"45":0,"46":0,"47":0,"48":0,"49":0,"50":0,"51":0,"52":0,"53":0,"54":0,"55":0,"56":0,"57":0,"58":0,"59":0,"60":0,"61":0,"62":0,"63":0,"64":0,"65":0,"66":0,"67":0,"68":0,"69":0,"70":0,"71":0,"72":0,"73":0,"74":0,"75":0,"76":0,"77":0,"78":0,"79":0,"80":0,"81":0,"82":0},"f":{"0":0,"1":0,"2":0,"3":0,"4":0,"5":0,"6":0,"7":0,"8":0,"9":0,"10":0,"11":0,"12":0,"13":0,"14":0,"15":0},"b":{"0":[0],"1":[0],"2":[0,0],"3":[0,0],"4":[0,0],"5":[0,0],"6":[0,0],"7":[0,0],"8":[0,0],"9":[0,0],"10":[0,0],"11":[0,0],"12":[0,0],"13":[0,0],"14":[0,0],"15":[0,0],"16":[0,0],"17":[0,0],"18":[0,0]},"meta":{"lastBranch":19,"lastFunction":16,"lastStatement":83,"seen":{"s:3:24:3:Infinity":0,"s:6:24:6:Infinity":1,"s:9:28:9:Infinity":2,"s:21:33:21:Infinity":3,"f:23:16:23:48":0,"s:24:2:24:Infinity":4,"f:27:16:27:31":1,"s:28:2:28:Infinity":5,"f:31:16:31:41":2,"s:32:2:32:Infinity":6,"s:39:25:39:Infinity":7,"s:40:33:40:Infinity":8,"f:45:16:45:42":3,"s:46:2:46:Infinity":9,"s:47:2:47:Infinity":10,"f:58:2:58:14":4,"s:59:4:59:Infinity":11,"s:60:4:60:Infinity":12,"s:61:4:61:Infinity":13,"s:62:4:62:Infinity":14,"s:63:4:63:Infinity":15,"f:74:15:74:Infinity":5,"b:76:26:76:Infinity":0,"s:78:57:78:Infinity":16,"b:78:20:78:37":1,"s:79:16:79:Infinity":17,"s:81:31:84:Infinity":18,"b:86:2:88:Infinity:undefined:undefined:undefined:undefined":2,"s:86:2:88:Infinity":19,"s:87:6:87:Infinity":20,"s:91:21:91:Infinity":21,"s:92:20:92:Infinity":22,"f:92:31:92:37":6,"s:92:37:92:57":23,"s:94:2:167:Infinity":24,"s:95:21:100:Infinity":25,"s:102:4:102:Infinity":26,"b:105:4:148:Infinity:undefined:undefined:undefined:undefined":3,"s:105:4:148:Infinity":27,"s:106:24:106:Infinity":28,"b:107:6:147:Infinity:143:13:147:Infinity":4,"s:107:6:147:Infinity":29,"s:109:25:109:Infinity":30,"s:110:10:110:Infinity":31,"s:112:32:112:Infinity":32,"s:113:31:113:Infinity":33,"f:113:42:113:48":7,"s:113:48:113:73":34,"s:115:8:142:Infinity":35,"s:116:32:121:Infinity":36,"s:123:10:123:Infinity":37,"b:125:10:128:Infinity:undefined:undefined:undefined:undefined":5,"s:125:10:128:Infinity":38,"s:126:26:126:Infinity":39,"s:127:12:127:Infinity":40,"b:131:10:133:Infinity:undefined:undefined:undefined:undefined":6,"s:131:10:133:Infinity":41,"s:132:12:132:Infinity":42,"s:135:10:135:Infinity":43,"s:137:10:137:Infinity":44,"b:138:10:140:Infinity:undefined:undefined:undefined:undefined":7,"s:138:10:140:Infinity":45,"b:138:14:138:36:138:36:138:61":8,"s:139:12:139:Infinity":46,"s:141:10:141:Infinity":47,"s:145:8:145:Infinity":48,"s:146:8:146:Infinity":49,"b:150:4:153:Infinity:undefined:undefined:undefined:undefined":9,"s:150:4:153:Infinity":50,"s:151:20:151:Infinity":51,"s:152:6:152:Infinity":52,"b:156:4:158:Infinity:undefined:undefined:undefined:undefined":10,"s:156:4:158:Infinity":53,"s:157:6:157:Infinity":54,"s:160:4:160:Infinity":55,"s:162:4:162:Infinity":56,"b:163:4:165:Infinity:undefined:undefined:undefined:undefined":11,"s:163:4:165:Infinity":57,"b:163:8:163:30:163:30:163:55":12,"s:164:6:164:Infinity":58,"s:166:4:166:Infinity":59,"f:173:15:173:26":8,"s:174:2:182:Infinity":60,"s:175:18:175:Infinity":61,"b:176:4:178:Infinity:undefined:undefined:undefined:undefined":13,"s:176:4:178:Infinity":62,"s:177:6:177:Infinity":63,"s:179:4:179:Infinity":64,"s:181:4:181:Infinity":65,"b:181:11:181:34:181:34:181:Infinity":14,"f:193:22:193:58":9,"s:194:2:209:Infinity":66,"s:195:21:200:Infinity":67,"b:202:4:202:Infinity:undefined:undefined:undefined:undefined":15,"s:202:4:202:Infinity":68,"s:202:22:202:Infinity":69,"s:204:17:204:Infinity":70,"s:205:4:205:Infinity":71,"s:206:4:206:Infinity":72,"s:208:4:208:Infinity":73,"f:216:22:216:52":10,"s:217:2:224:Infinity":74,"s:218:4:221:Infinity":75,"s:225:2:225:Infinity":76,"s:231:19:258:Infinity":77,"f:232:7:232:11":11,"s:233:4:233:Infinity":78,"f:235:8:235:12":12,"s:236:4:240:Infinity":79,"b:239:19:239:42:239:42:239:Infinity":16,"f:242:7:242:11":13,"s:243:4:247:Infinity":80,"b:246:19:246:42:246:42:246:Infinity":17,"f:249:9:249:13":14,"s:250:4:254:Infinity":81,"b:253:19:253:42:253:42:253:Infinity":18,"f:256:10:256:14":15,"s:257:4:257:Infinity":82}}}
,"/Users/malte.winckler/Documents/personal/banking-bot/services/frontend/src/api/credentials.ts": {"path":"/Users/malte.winckler/Documents/personal/banking-bot/services/frontend/src/api/credentials.ts","statementMap":{"0":{"start":{"line":141,"column":2},"end":{"line":141,"column":null}},"1":{"start":{"line":148,"column":2},"end":{"line":148,"column":null}},"2":{"start":{"line":155,"column":2},"end":{"line":155,"column":null}},"3":{"start":{"line":162,"column":2},"end":{"line":162,"column":null}},"4":{"start":{"line":171,"column":2},"end":{"line":171,"column":null}},"5":{"start":{"line":186,"column":33},"end":{"line":186,"column":null}},"6":{"start":{"line":187,"column":2},"end":{"line":189,"column":null}},"7":{"start":{"line":188,"column":4},"end":{"line":188,"column":null}},"8":{"start":{"line":190,"column":2},"end":{"line":192,"column":null}},"9":{"start":{"line":191,"column":4},"end":{"line":191,"column":null}},"10":{"start":{"line":194,"column":18},"end":{"line":194,"column":null}},"11":{"start":{"line":195,"column":2},"end":{"line":195,"column":null}},"12":{"start":{"line":211,"column":2},"end":{"line":211,"column":null}},"13":{"start":{"line":218,"column":2},"end":{"line":218,"column":null}}},"fnMap":{"0":{"name":"listCredentials","decl":{"start":{"line":140,"column":22},"end":{"line":140,"column":73}},"loc":{"start":{"line":140,"column":73},"end":{"line":142,"column":null}},"line":140},"1":{"name":"lookupBank","decl":{"start":{"line":147,"column":22},"end":{"line":147,"column":33}},"loc":{"start":{"line":147,"column":75},"end":{"line":149,"column":null}},"line":147},"2":{"name":"storeCredentials","decl":{"start":{"line":154,"column":22},"end":{"line":154,"column":39}},"loc":{"start":{"line":154,"column":105},"end":{"line":156,"column":null}},"line":154},"3":{"name":"deleteCredentials","decl":{"start":{"line":161,"column":22},"end":{"line":161,"column":40}},"loc":{"start":{"line":161,"column":68},"end":{"line":163,"column":null}},"line":161},"4":{"name":"discoverBankAccounts","decl":{"start":{"line":170,"column":22},"end":{"line":170,"column":43}},"loc":{"start":{"line":170,"column":91},"end":{"line":172,"column":null}},"line":170},"5":{"name":"setupBankAccounts","decl":{"start":{"line":181,"column":22},"end":{"line":181,"column":null}},"loc":{"start":{"line":185,"column":30},"end":{"line":196,"column":null}},"line":185},"6":{"name":"queryTANMethods","decl":{"start":{"line":210,"column":22},"end":{"line":210,"column":38}},"loc":{"start":{"line":210,"column":96},"end":{"line":212,"column":null}},"line":210},"7":{"name":"getBankConnectionDetails","decl":{"start":{"line":217,"column":22},"end":{"line":217,"column":47}},"loc":{"start":{"line":217,"column":92},"end":{"line":219,"column":null}},"line":217}},"branchMap":{"0":{"loc":{"start":{"line":187,"column":2},"end":{"line":189,"column":null}},"type":"if","locations":[{"start":{"line":187,"column":2},"end":{"line":189,"column":null}},{"start":{},"end":{}}],"line":187},"1":{"loc":{"start":{"line":190,"column":2},"end":{"line":192,"column":null}},"type":"if","locations":[{"start":{"line":190,"column":2},"end":{"line":192,"column":null}},{"start":{},"end":{}}],"line":190},"2":{"loc":{"start":{"line":194,"column":18},"end":{"line":194,"column":null}},"type":"cond-expr","locations":[{"start":{"line":194,"column":29},"end":{"line":194,"column":41}},{"start":{"line":194,"column":41},"end":{"line":194,"column":null}}],"line":194},"3":{"loc":{"start":{"line":195,"column":66},"end":{"line":195,"column":115}},"type":"cond-expr","locations":[{"start":{"line":195,"column":97},"end":{"line":195,"column":104}},{"start":{"line":195,"column":104},"end":{"line":195,"column":115}}],"line":195},"4":{"loc":{"start":{"line":195,"column":126},"end":{"line":195,"column":150}},"type":"binary-expr","locations":[{"start":{"line":195,"column":126},"end":{"line":195,"column":137}},{"start":{"line":195,"column":137},"end":{"line":195,"column":150}}],"line":195}},"s":{"0":0,"1":0,"2":0,"3":0,"4":0,"5":0,"6":0,"7":0,"8":0,"9":0,"10":0,"11":0,"12":0,"13":0},"f":{"0":0,"1":0,"2":0,"3":0,"4":0,"5":0,"6":0,"7":0},"b":{"0":[0,0],"1":[0,0],"2":[0,0],"3":[0,0],"4":[0,0]},"meta":{"lastBranch":5,"lastFunction":8,"lastStatement":14,"seen":{"f:140:22:140:73":0,"s:141:2:141:Infinity":0,"f:147:22:147:33":1,"s:148:2:148:Infinity":1,"f:154:22:154:39":2,"s:155:2:155:Infinity":2,"f:161:22:161:40":3,"s:162:2:162:Infinity":3,"f:170:22:170:43":4,"s:171:2:171:Infinity":4,"f:181:22:181:Infinity":5,"s:186:33:186:Infinity":5,"b:187:2:189:Infinity:undefined:undefined:undefined:undefined":0,"s:187:2:189:Infinity":6,"s:188:4:188:Infinity":7,"b:190:2:192:Infinity:undefined:undefined:undefined:undefined":1,"s:190:2:192:Infinity":8,"s:191:4:191:Infinity":9,"s:194:18:194:Infinity":10,"b:194:29:194:41:194:41:194:Infinity":2,"s:195:2:195:Infinity":11,"b:195:97:195:104:195:104:195:115":3,"b:195:126:195:137:195:137:195:150":4,"f:210:22:210:38":6,"s:211:2:211:Infinity":12,"f:217:22:217:47":7,"s:218:2:218:Infinity":13}}}
,"/Users/malte.winckler/Documents/personal/banking-bot/services/frontend/src/api/dashboard.ts": {"path":"/Users/malte.winckler/Documents/personal/banking-bot/services/frontend/src/api/dashboard.ts","statementMap":{"0":{"start":{"line":15,"column":8},"end":{"line":15,"column":null}},"1":{"start":{"line":16,"column":2},"end":{"line":16,"column":null}},"2":{"start":{"line":28,"column":19},"end":{"line":28,"column":null}},"3":{"start":{"line":29,"column":2},"end":{"line":29,"column":null}}},"fnMap":{"0":{"name":"getDashboardSummary","decl":{"start":{"line":14,"column":22},"end":{"line":14,"column":42}},"loc":{"start":{"line":14,"column":96},"end":{"line":17,"column":null}},"line":14},"1":{"name":"getDashboardBalances","decl":{"start":{"line":27,"column":22},"end":{"line":27,"column":72}},"loc":{"start":{"line":27,"column":72},"end":{"line":30,"column":null}},"line":27}},"branchMap":{"0":{"loc":{"start":{"line":15,"column":33},"end":{"line":15,"column":45}},"type":"binary-expr","locations":[{"start":{"line":15,"column":33},"end":{"line":15,"column":43}},{"start":{"line":15,"column":43},"end":{"line":15,"column":45}}],"line":15}},"s":{"0":0,"1":0,"2":0,"3":0},"f":{"0":0,"1":0},"b":{"0":[0,0]},"meta":{"lastBranch":1,"lastFunction":2,"lastStatement":4,"seen":{"f:14:22:14:42":0,"s:15:8:15:Infinity":0,"b:15:33:15:43:15:43:15:45":0,"s:16:2:16:Infinity":1,"f:27:22:27:72":1,"s:28:19:28:Infinity":2,"s:29:2:29:Infinity":3}}}
,"/Users/malte.winckler/Documents/personal/banking-bot/services/frontend/src/api/exports.ts": {"path":"/Users/malte.winckler/Documents/personal/banking-bot/services/frontend/src/api/exports.ts","statementMap":{"0":{"start":{"line":28,"column":17},"end":{"line":28,"column":null}},"1":{"start":{"line":30,"column":2},"end":{"line":32,"column":null}},"2":{"start":{"line":31,"column":4},"end":{"line":31,"column":null}},"3":{"start":{"line":33,"column":2},"end":{"line":35,"column":null}},"4":{"start":{"line":34,"column":4},"end":{"line":34,"column":null}},"5":{"start":{"line":36,"column":2},"end":{"line":38,"column":null}},"6":{"start":{"line":37,"column":4},"end":{"line":37,"column":null}},"7":{"start":{"line":39,"column":2},"end":{"line":41,"column":null}},"8":{"start":{"line":40,"column":4},"end":{"line":40,"column":null}},"9":{"start":{"line":42,"column":2},"end":{"line":44,"column":null}},"10":{"start":{"line":43,"column":4},"end":{"line":43,"column":null}},"11":{"start":{"line":46,"column":22},"end":{"line":46,"column":null}},"12":{"start":{"line":47,"column":14},"end":{"line":47,"column":null}},"13":{"start":{"line":50,"column":8},"end":{"line":50,"column":null}},"14":{"start":{"line":51,"column":19},"end":{"line":55,"column":null}},"15":{"start":{"line":57,"column":2},"end":{"line":60,"column":null}},"16":{"start":{"line":58,"column":18},"end":{"line":58,"column":null}},"17":{"start":{"line":58,"column":53},"end":{"line":58,"column":83}},"18":{"start":{"line":59,"column":4},"end":{"line":59,"column":null}},"19":{"start":{"line":63,"column":29},"end":{"line":63,"column":null}},"20":{"start":{"line":64,"column":17},"end":{"line":64,"column":null}},"21":{"start":{"line":65,"column":2},"end":{"line":70,"column":null}},"22":{"start":{"line":66,"column":18},"end":{"line":66,"column":null}},"23":{"start":{"line":67,"column":4},"end":{"line":69,"column":null}},"24":{"start":{"line":68,"column":6},"end":{"line":68,"column":null}},"25":{"start":{"line":73,"column":15},"end":{"line":73,"column":null}},"26":{"start":{"line":74,"column":22},"end":{"line":74,"column":null}},"27":{"start":{"line":75,"column":15},"end":{"line":75,"column":null}},"28":{"start":{"line":76,"column":2},"end":{"line":76,"column":null}},"29":{"start":{"line":77,"column":2},"end":{"line":77,"column":null}},"30":{"start":{"line":78,"column":2},"end":{"line":78,"column":null}},"31":{"start":{"line":79,"column":2},"end":{"line":79,"column":null}},"32":{"start":{"line":80,"column":2},"end":{"line":80,"column":null}},"33":{"start":{"line":81,"column":2},"end":{"line":81,"column":null}},"34":{"start":{"line":87,"column":29},"end":{"line":119,"column":null}},"35":{"start":{"line":89,"column":20},"end":{"line":89,"column":null}},"36":{"start":{"line":92,"column":20},"end":{"line":92,"column":null}},"37":{"start":{"line":96,"column":16},"end":{"line":96,"column":null}},"38":{"start":{"line":97,"column":18},"end":{"line":97,"column":null}},"39":{"start":{"line":98,"column":4},"end":{"line":98,"column":null}},"40":{"start":{"line":103,"column":16},"end":{"line":103,"column":null}},"41":{"start":{"line":104,"column":4},"end":{"line":104,"column":null}},"42":{"start":{"line":105,"column":18},"end":{"line":105,"column":null}},"43":{"start":{"line":106,"column":4},"end":{"line":106,"column":null}},"44":{"start":{"line":110,"column":17},"end":{"line":110,"column":null}},"45":{"start":{"line":114,"column":16},"end":{"line":114,"column":null}},"46":{"start":{"line":115,"column":22},"end":{"line":115,"column":null}},"47":{"start":{"line":116,"column":20},"end":{"line":116,"column":null}},"48":{"start":{"line":117,"column":4},"end":{"line":117,"column":null}}},"fnMap":{"0":{"name":"downloadExcelReport","decl":{"start":{"line":27,"column":22},"end":{"line":27,"column":42}},"loc":{"start":{"line":27,"column":91},"end":{"line":82,"column":null}},"line":27},"1":{"name":"(anonymous_1)","decl":{"start":{"line":58,"column":46},"end":{"line":58,"column":53}},"loc":{"start":{"line":58,"column":53},"end":{"line":58,"column":83}},"line":58},"2":{"name":"(anonymous_2)","decl":{"start":{"line":89,"column":14},"end":{"line":89,"column":20}},"loc":{"start":{"line":89,"column":20},"end":{"line":89,"column":null}},"line":89},"3":{"name":"(anonymous_3)","decl":{"start":{"line":92,"column":14},"end":{"line":92,"column":20}},"loc":{"start":{"line":92,"column":20},"end":{"line":92,"column":null}},"line":92},"4":{"name":"(anonymous_4)","decl":{"start":{"line":95,"column":16},"end":{"line":95,"column":22}},"loc":{"start":{"line":95,"column":22},"end":{"line":99,"column":null}},"line":95},"5":{"name":"(anonymous_5)","decl":{"start":{"line":102,"column":17},"end":{"line":102,"column":23}},"loc":{"start":{"line":102,"column":23},"end":{"line":107,"column":null}},"line":102},"6":{"name":"(anonymous_6)","decl":{"start":{"line":110,"column":11},"end":{"line":110,"column":17}},"loc":{"start":{"line":110,"column":17},"end":{"line":110,"column":null}},"line":110},"7":{"name":"(anonymous_7)","decl":{"start":{"line":113,"column":14},"end":{"line":113,"column":20}},"loc":{"start":{"line":113,"column":20},"end":{"line":118,"column":null}},"line":113}},"branchMap":{"0":{"loc":{"start":{"line":27,"column":42},"end":{"line":27,"column":91}},"type":"default-arg","locations":[{"start":{"line":27,"column":72},"end":{"line":27,"column":91}}],"line":27},"1":{"loc":{"start":{"line":30,"column":2},"end":{"line":32,"column":null}},"type":"if","locations":[{"start":{"line":30,"column":2},"end":{"line":32,"column":null}},{"start":{},"end":{}}],"line":30},"2":{"loc":{"start":{"line":33,"column":2},"end":{"line":35,"column":null}},"type":"if","locations":[{"start":{"line":33,"column":2},"end":{"line":35,"column":null}},{"start":{},"end":{}}],"line":33},"3":{"loc":{"start":{"line":36,"column":2},"end":{"line":38,"column":null}},"type":"if","locations":[{"start":{"line":36,"column":2},"end":{"line":38,"column":null}},{"start":{},"end":{}}],"line":36},"4":{"loc":{"start":{"line":36,"column":6},"end":{"line":36,"column":40}},"type":"binary-expr","locations":[{"start":{"line":36,"column":6},"end":{"line":36,"column":22}},{"start":{"line":36,"column":22},"end":{"line":36,"column":40}}],"line":36},"5":{"loc":{"start":{"line":39,"column":2},"end":{"line":41,"column":null}},"type":"if","locations":[{"start":{"line":39,"column":2},"end":{"line":41,"column":null}},{"start":{},"end":{}}],"line":39},"6":{"loc":{"start":{"line":42,"column":2},"end":{"line":44,"column":null}},"type":"if","locations":[{"start":{"line":42,"column":2},"end":{"line":44,"column":null}},{"start":{},"end":{}}],"line":42},"7":{"loc":{"start":{"line":47,"column":48},"end":{"line":47,"column":84}},"type":"cond-expr","locations":[{"start":{"line":47,"column":62},"end":{"line":47,"column":82}},{"start":{"line":47,"column":82},"end":{"line":47,"column":84}}],"line":47},"8":{"loc":{"start":{"line":53,"column":13},"end":{"line":53,"column":null}},"type":"cond-expr","locations":[{"start":{"line":53,"column":21},"end":{"line":53,"column":60}},{"start":{"line":53,"column":60},"end":{"line":53,"column":null}}],"line":53},"9":{"loc":{"start":{"line":57,"column":2},"end":{"line":60,"column":null}},"type":"if","locations":[{"start":{"line":57,"column":2},"end":{"line":60,"column":null}},{"start":{},"end":{}}],"line":57},"10":{"loc":{"start":{"line":59,"column":20},"end":{"line":59,"column":53}},"type":"binary-expr","locations":[{"start":{"line":59,"column":20},"end":{"line":59,"column":36}},{"start":{"line":59,"column":36},"end":{"line":59,"column":53}}],"line":59},"11":{"loc":{"start":{"line":65,"column":2},"end":{"line":70,"column":null}},"type":"if","locations":[{"start":{"line":65,"column":2},"end":{"line":70,"column":null}},{"start":{},"end":{}}],"line":65},"12":{"loc":{"start":{"line":67,"column":4},"end":{"line":69,"column":null}},"type":"if","locations":[{"start":{"line":67,"column":4},"end":{"line":69,"column":null}},{"start":{},"end":{}}],"line":67}},"s":{"0":0,"1":0,"2":0,"3":0,"4":0,"5":0,"6":0,"7":0,"8":0,"9":0,"10":0,"11":0,"12":0,"13":0,"14":0,"15":0,"16":0,"17":0,"18":0,"19":0,"20":0,"21":0,"22":0,"23":0,"24":0,"25":0,"26":0,"27":0,"28":0,"29":0,"30":0,"31":0,"32":0,"33":0,"34":0,"35":0,"36":0,"37":0,"38":0,"39":0,"40":0,"41":0,"42":0,"43":0,"44":0,"45":0,"46":0,"47":0,"48":0},"f":{"0":0,"1":0,"2":0,"3":0,"4":0,"5":0,"6":0,"7":0},"b":{"0":[0],"1":[0,0],"2":[0,0],"3":[0,0],"4":[0,0],"5":[0,0],"6":[0,0],"7":[0,0],"8":[0,0],"9":[0,0],"10":[0,0],"11":[0,0],"12":[0,0]},"meta":{"lastBranch":13,"lastFunction":8,"lastStatement":49,"seen":{"f:27:22:27:42":0,"b:27:72:27:91":0,"s:28:17:28:Infinity":0,"b:30:2:32:Infinity:undefined:undefined:undefined:undefined":1,"s:30:2:32:Infinity":1,"s:31:4:31:Infinity":2,"b:33:2:35:Infinity:undefined:undefined:undefined:undefined":2,"s:33:2:35:Infinity":3,"s:34:4:34:Infinity":4,"b:36:2:38:Infinity:undefined:undefined:undefined:undefined":3,"s:36:2:38:Infinity":5,"b:36:6:36:22:36:22:36:40":4,"s:37:4:37:Infinity":6,"b:39:2:41:Infinity:undefined:undefined:undefined:undefined":5,"s:39:2:41:Infinity":7,"s:40:4:40:Infinity":8,"b:42:2:44:Infinity:undefined:undefined:undefined:undefined":6,"s:42:2:44:Infinity":9,"s:43:4:43:Infinity":10,"s:46:22:46:Infinity":11,"s:47:14:47:Infinity":12,"b:47:62:47:82:47:82:47:84":7,"s:50:8:50:Infinity":13,"s:51:19:55:Infinity":14,"b:53:21:53:60:53:60:53:Infinity":8,"b:57:2:60:Infinity:undefined:undefined:undefined:undefined":9,"s:57:2:60:Infinity":15,"s:58:18:58:Infinity":16,"f:58:46:58:53":1,"s:58:53:58:83":17,"s:59:4:59:Infinity":18,"b:59:20:59:36:59:36:59:53":10,"s:63:29:63:Infinity":19,"s:64:17:64:Infinity":20,"b:65:2:70:Infinity:undefined:undefined:undefined:undefined":11,"s:65:2:70:Infinity":21,"s:66:18:66:Infinity":22,"b:67:4:69:Infinity:undefined:undefined:undefined:undefined":12,"s:67:4:69:Infinity":23,"s:68:6:68:Infinity":24,"s:73:15:73:Infinity":25,"s:74:22:74:Infinity":26,"s:75:15:75:Infinity":27,"s:76:2:76:Infinity":28,"s:77:2:77:Infinity":29,"s:78:2:78:Infinity":30,"s:79:2:79:Infinity":31,"s:80:2:80:Infinity":32,"s:81:2:81:Infinity":33,"s:87:29:119:Infinity":34,"f:89:14:89:20":2,"s:89:20:89:Infinity":35,"f:92:14:92:20":3,"s:92:20:92:Infinity":36,"f:95:16:95:22":4,"s:96:16:96:Infinity":37,"s:97:18:97:Infinity":38,"s:98:4:98:Infinity":39,"f:102:17:102:23":5,"s:103:16:103:Infinity":40,"s:104:4:104:Infinity":41,"s:105:18:105:Infinity":42,"s:106:4:106:Infinity":43,"f:110:11:110:17":6,"s:110:17:110:Infinity":44,"f:113:14:113:20":7,"s:114:16:114:Infinity":45,"s:115:22:115:Infinity":46,"s:116:20:116:Infinity":47,"s:117:4:117:Infinity":48}}}
,"/Users/malte.winckler/Documents/personal/banking-bot/services/frontend/src/api/index.ts": {"path":"/Users/malte.winckler/Documents/personal/banking-bot/services/frontend/src/api/index.ts","statementMap":{},"fnMap":{},"branchMap":{},"s":{},"f":{},"b":{},"meta":{"lastBranch":0,"lastFunction":0,"lastStatement":0,"seen":{}}}
,"/Users/malte.winckler/Documents/personal/banking-bot/services/frontend/src/api/mappings.ts": {"path":"/Users/malte.winckler/Documents/personal/banking-bot/services/frontend/src/api/mappings.ts","statementMap":{"0":{"start":{"line":25,"column":2},"end":{"line":25,"column":null}},"1":{"start":{"line":32,"column":2},"end":{"line":32,"column":null}},"2":{"start":{"line":67,"column":2},"end":{"line":72,"column":null}}},"fnMap":{"0":{"name":"listMappings","decl":{"start":{"line":24,"column":22},"end":{"line":24,"column":67}},"loc":{"start":{"line":24,"column":67},"end":{"line":26,"column":null}},"line":24},"1":{"name":"getMappingByIban","decl":{"start":{"line":31,"column":22},"end":{"line":31,"column":39}},"loc":{"start":{"line":31,"column":78},"end":{"line":33,"column":null}},"line":31},"2":{"name":"createExternalAccount","decl":{"start":{"line":64,"column":22},"end":{"line":64,"column":null}},"loc":{"start":{"line":66,"column":42},"end":{"line":73,"column":null}},"line":66}},"branchMap":{"0":{"loc":{"start":{"line":70,"column":14},"end":{"line":70,"column":null}},"type":"binary-expr","locations":[{"start":{"line":70,"column":14},"end":{"line":70,"column":31}},{"start":{"line":70,"column":31},"end":{"line":70,"column":null}}],"line":70},"1":{"loc":{"start":{"line":71,"column":15},"end":{"line":71,"column":null}},"type":"binary-expr","locations":[{"start":{"line":71,"column":15},"end":{"line":71,"column":33}},{"start":{"line":71,"column":33},"end":{"line":71,"column":null}}],"line":71}},"s":{"0":0,"1":0,"2":0},"f":{"0":0,"1":0,"2":0},"b":{"0":[0,0],"1":[0,0]},"meta":{"lastBranch":2,"lastFunction":3,"lastStatement":3,"seen":{"f:24:22:24:67":0,"s:25:2:25:Infinity":0,"f:31:22:31:39":1,"s:32:2:32:Infinity":1,"f:64:22:64:Infinity":2,"s:67:2:72:Infinity":2,"b:70:14:70:31:70:31:70:Infinity":0,"b:71:15:71:33:71:33:71:Infinity":1}}}
,"/Users/malte.winckler/Documents/personal/banking-bot/services/frontend/src/api/onboarding.ts": {"path":"/Users/malte.winckler/Documents/personal/banking-bot/services/frontend/src/api/onboarding.ts","statementMap":{"0":{"start":{"line":31,"column":2},"end":{"line":31,"column":null}}},"fnMap":{"0":{"name":"getOnboardingStatus","decl":{"start":{"line":30,"column":22},"end":{"line":30,"column":71}},"loc":{"start":{"line":30,"column":71},"end":{"line":32,"column":null}},"line":30}},"branchMap":{},"s":{"0":0},"f":{"0":0},"b":{},"meta":{"lastBranch":0,"lastFunction":1,"lastStatement":1,"seen":{"f:30:22:30:71":0,"s:31:2:31:Infinity":0}}}
,"/Users/malte.winckler/Documents/personal/banking-bot/services/frontend/src/api/preferences.ts": {"path":"/Users/malte.winckler/Documents/personal/banking-bot/services/frontend/src/api/preferences.ts","statementMap":{"0":{"start":{"line":62,"column":2},"end":{"line":62,"column":null}},"1":{"start":{"line":69,"column":2},"end":{"line":69,"column":null}},"2":{"start":{"line":76,"column":2},"end":{"line":76,"column":null}},"3":{"start":{"line":87,"column":2},"end":{"line":87,"column":null}},"4":{"start":{"line":96,"column":2},"end":{"line":96,"column":null}},"5":{"start":{"line":103,"column":2},"end":{"line":103,"column":null}},"6":{"start":{"line":110,"column":2},"end":{"line":110,"column":null}},"7":{"start":{"line":121,"column":18},"end":{"line":121,"column":null}},"8":{"start":{"line":122,"column":2},"end":{"line":124,"column":null}},"9":{"start":{"line":123,"column":4},"end":{"line":123,"column":null}},"10":{"start":{"line":125,"column":2},"end":{"line":127,"column":null}},"11":{"start":{"line":134,"column":18},"end":{"line":134,"column":null}},"12":{"start":{"line":135,"column":2},"end":{"line":137,"column":null}},"13":{"start":{"line":136,"column":60},"end":{"line":136,"column":75}},"14":{"start":{"line":144,"column":2},"end":{"line":146,"column":null}},"15":{"start":{"line":156,"column":18},"end":{"line":156,"column":null}},"16":{"start":{"line":157,"column":2},"end":{"line":162,"column":null}}},"fnMap":{"0":{"name":"getPreferences","decl":{"start":{"line":61,"column":22},"end":{"line":61,"column":65}},"loc":{"start":{"line":61,"column":65},"end":{"line":63,"column":null}},"line":61},"1":{"name":"updatePreferences","decl":{"start":{"line":68,"column":22},"end":{"line":68,"column":40}},"loc":{"start":{"line":68,"column":101},"end":{"line":70,"column":null}},"line":68},"2":{"name":"resetPreferences","decl":{"start":{"line":75,"column":22},"end":{"line":75,"column":67}},"loc":{"start":{"line":75,"column":67},"end":{"line":77,"column":null}},"line":75},"3":{"name":"getDashboardSettings","decl":{"start":{"line":86,"column":22},"end":{"line":86,"column":73}},"loc":{"start":{"line":86,"column":73},"end":{"line":88,"column":null}},"line":86},"4":{"name":"updateDashboardSettings","decl":{"start":{"line":93,"column":22},"end":{"line":93,"column":null}},"loc":{"start":{"line":95,"column":30},"end":{"line":97,"column":null}},"line":95},"5":{"name":"resetDashboardSettings","decl":{"start":{"line":102,"column":22},"end":{"line":102,"column":75}},"loc":{"start":{"line":102,"column":75},"end":{"line":104,"column":null}},"line":102},"6":{"name":"getAvailableWidgets","decl":{"start":{"line":109,"column":22},"end":{"line":109,"column":79}},"loc":{"start":{"line":109,"column":79},"end":{"line":111,"column":null}},"line":109},"7":{"name":"enableWidget","decl":{"start":{"line":120,"column":22},"end":{"line":120,"column":35}},"loc":{"start":{"line":120,"column":81},"end":{"line":128,"column":null}},"line":120},"8":{"name":"disableWidget","decl":{"start":{"line":133,"column":22},"end":{"line":133,"column":36}},"loc":{"start":{"line":133,"column":82},"end":{"line":138,"column":null}},"line":133},"9":{"name":"(anonymous_9)","decl":{"start":{"line":136,"column":52},"end":{"line":136,"column":53}},"loc":{"start":{"line":136,"column":60},"end":{"line":136,"column":75}},"line":136},"10":{"name":"reorderWidgets","decl":{"start":{"line":143,"column":22},"end":{"line":143,"column":37}},"loc":{"start":{"line":143,"column":85},"end":{"line":147,"column":null}},"line":143},"11":{"name":"updateWidgetSettings","decl":{"start":{"line":152,"column":22},"end":{"line":152,"column":null}},"loc":{"start":{"line":155,"column":30},"end":{"line":163,"column":null}},"line":155}},"branchMap":{"0":{"loc":{"start":{"line":122,"column":2},"end":{"line":124,"column":null}},"type":"if","locations":[{"start":{"line":122,"column":2},"end":{"line":124,"column":null}},{"start":{},"end":{}}],"line":122}},"s":{"0":0,"1":0,"2":0,"3":0,"4":0,"5":0,"6":0,"7":0,"8":0,"9":0,"10":0,"11":0,"12":0,"13":0,"14":0,"15":0,"16":0},"f":{"0":0,"1":0,"2":0,"3":0,"4":0,"5":0,"6":0,"7":0,"8":0,"9":0,"10":0,"11":0},"b":{"0":[0,0]},"meta":{"lastBranch":1,"lastFunction":12,"lastStatement":17,"seen":{"f:61:22:61:65":0,"s:62:2:62:Infinity":0,"f:68:22:68:40":1,"s:69:2:69:Infinity":1,"f:75:22:75:67":2,"s:76:2:76:Infinity":2,"f:86:22:86:73":3,"s:87:2:87:Infinity":3,"f:93:22:93:Infinity":4,"s:96:2:96:Infinity":4,"f:102:22:102:75":5,"s:103:2:103:Infinity":5,"f:109:22:109:79":6,"s:110:2:110:Infinity":6,"f:120:22:120:35":7,"s:121:18:121:Infinity":7,"b:122:2:124:Infinity:undefined:undefined:undefined:undefined":0,"s:122:2:124:Infinity":8,"s:123:4:123:Infinity":9,"s:125:2:127:Infinity":10,"f:133:22:133:36":8,"s:134:18:134:Infinity":11,"s:135:2:137:Infinity":12,"f:136:52:136:53":9,"s:136:60:136:75":13,"f:143:22:143:37":10,"s:144:2:146:Infinity":14,"f:152:22:152:Infinity":11,"s:156:18:156:Infinity":15,"s:157:2:162:Infinity":16}}}
,"/Users/malte.winckler/Documents/personal/banking-bot/services/frontend/src/api/sync.ts": {"path":"/Users/malte.winckler/Documents/personal/banking-bot/services/frontend/src/api/sync.ts","statementMap":{"0":{"start":{"line":91,"column":2},"end":{"line":91,"column":null}},"1":{"start":{"line":105,"column":2},"end":{"line":105,"column":null}},"2":{"start":{"line":113,"column":2},"end":{"line":113,"column":null}},"3":{"start":{"line":121,"column":2},"end":{"line":121,"column":null}},"4":{"start":{"line":128,"column":2},"end":{"line":128,"column":null}},"5":{"start":{"line":291,"column":2},"end":{"line":371,"column":null}},"6":{"start":{"line":294,"column":16},"end":{"line":294,"column":null}},"7":{"start":{"line":297,"column":10},"end":{"line":297,"column":null}},"8":{"start":{"line":299,"column":4},"end":{"line":370,"column":null}},"9":{"start":{"line":310,"column":8},"end":{"line":314,"column":null}},"10":{"start":{"line":311,"column":24},"end":{"line":311,"column":null}},"11":{"start":{"line":312,"column":10},"end":{"line":312,"column":null}},"12":{"start":{"line":313,"column":10},"end":{"line":313,"column":null}},"13":{"start":{"line":316,"column":23},"end":{"line":316,"column":null}},"14":{"start":{"line":317,"column":8},"end":{"line":320,"column":null}},"15":{"start":{"line":318,"column":10},"end":{"line":318,"column":null}},"16":{"start":{"line":319,"column":10},"end":{"line":319,"column":null}},"17":{"start":{"line":322,"column":24},"end":{"line":322,"column":null}},"18":{"start":{"line":323,"column":21},"end":{"line":323,"column":null}},"19":{"start":{"line":324,"column":50},"end":{"line":324,"column":null}},"20":{"start":{"line":326,"column":8},"end":{"line":362,"column":null}},"21":{"start":{"line":327,"column":34},"end":{"line":327,"column":null}},"22":{"start":{"line":328,"column":10},"end":{"line":328,"column":null}},"23":{"start":{"line":328,"column":20},"end":{"line":328,"column":null}},"24":{"start":{"line":330,"column":10},"end":{"line":330,"column":null}},"25":{"start":{"line":333,"column":24},"end":{"line":333,"column":null}},"26":{"start":{"line":334,"column":10},"end":{"line":334,"column":null}},"27":{"start":{"line":336,"column":33},"end":{"line":336,"column":null}},"28":{"start":{"line":337,"column":28},"end":{"line":337,"column":null}},"29":{"start":{"line":339,"column":10},"end":{"line":361,"column":null}},"30":{"start":{"line":340,"column":12},"end":{"line":360,"column":null}},"31":{"start":{"line":341,"column":14},"end":{"line":341,"column":null}},"32":{"start":{"line":342,"column":12},"end":{"line":360,"column":null}},"33":{"start":{"line":343,"column":14},"end":{"line":343,"column":null}},"34":{"start":{"line":344,"column":12},"end":{"line":360,"column":null}},"35":{"start":{"line":346,"column":14},"end":{"line":357,"column":null}},"36":{"start":{"line":347,"column":34},"end":{"line":347,"column":null}},"37":{"start":{"line":348,"column":16},"end":{"line":348,"column":null}},"38":{"start":{"line":349,"column":16},"end":{"line":349,"column":null}},"39":{"start":{"line":352,"column":16},"end":{"line":354,"column":null}},"40":{"start":{"line":353,"column":18},"end":{"line":353,"column":null}},"41":{"start":{"line":356,"column":16},"end":{"line":356,"column":null}},"42":{"start":{"line":358,"column":14},"end":{"line":358,"column":null}},"43":{"start":{"line":359,"column":14},"end":{"line":359,"column":null}},"44":{"start":{"line":364,"column":8},"end":{"line":368,"column":null}},"45":{"start":{"line":365,"column":10},"end":{"line":365,"column":null}},"46":{"start":{"line":367,"column":10},"end":{"line":367,"column":null}}},"fnMap":{"0":{"name":"getSyncRecommendation","decl":{"start":{"line":90,"column":22},"end":{"line":90,"column":83}},"loc":{"start":{"line":90,"column":83},"end":{"line":92,"column":null}},"line":90},"1":{"name":"runSync","decl":{"start":{"line":104,"column":22},"end":{"line":104,"column":30}},"loc":{"start":{"line":104,"column":82},"end":{"line":106,"column":null}},"line":104},"2":{"name":"runAdaptiveSync","decl":{"start":{"line":112,"column":22},"end":{"line":112,"column":66}},"loc":{"start":{"line":112,"column":66},"end":{"line":114,"column":null}},"line":112},"3":{"name":"runFirstSync","decl":{"start":{"line":120,"column":22},"end":{"line":120,"column":35}},"loc":{"start":{"line":120,"column":75},"end":{"line":122,"column":null}},"line":120},"4":{"name":"getSyncStatus","decl":{"start":{"line":127,"column":22},"end":{"line":127,"column":67}},"loc":{"start":{"line":127,"column":67},"end":{"line":129,"column":null}},"line":127},"5":{"name":"runSyncStreaming","decl":{"start":{"line":287,"column":22},"end":{"line":287,"column":null}},"loc":{"start":{"line":290,"column":28},"end":{"line":372,"column":null}},"line":290},"6":{"name":"(anonymous_6)","decl":{"start":{"line":291,"column":21},"end":{"line":291,"column":22}},"loc":{"start":{"line":291,"column":42},"end":{"line":371,"column":3}},"line":291},"7":{"name":"(anonymous_7)","decl":{"start":{"line":309,"column":12},"end":{"line":309,"column":19}},"loc":{"start":{"line":309,"column":32},"end":{"line":369,"column":7}},"line":309}},"branchMap":{"0":{"loc":{"start":{"line":105,"column":48},"end":{"line":105,"column":63}},"type":"binary-expr","locations":[{"start":{"line":105,"column":48},"end":{"line":105,"column":59}},{"start":{"line":105,"column":59},"end":{"line":105,"column":63}}],"line":105},"1":{"loc":{"start":{"line":304,"column":12},"end":{"line":304,"column":null}},"type":"cond-expr","locations":[{"start":{"line":304,"column":20},"end":{"line":304,"column":61}},{"start":{"line":304,"column":61},"end":{"line":304,"column":null}}],"line":304},"2":{"loc":{"start":{"line":307,"column":27},"end":{"line":307,"column":40}},"type":"binary-expr","locations":[{"start":{"line":307,"column":27},"end":{"line":307,"column":38}},{"start":{"line":307,"column":38},"end":{"line":307,"column":40}}],"line":307},"3":{"loc":{"start":{"line":310,"column":8},"end":{"line":314,"column":null}},"type":"if","locations":[{"start":{"line":310,"column":8},"end":{"line":314,"column":null}},{"start":{},"end":{}}],"line":310},"4":{"loc":{"start":{"line":317,"column":8},"end":{"line":320,"column":null}},"type":"if","locations":[{"start":{"line":317,"column":8},"end":{"line":320,"column":null}},{"start":{},"end":{}}],"line":317},"5":{"loc":{"start":{"line":328,"column":10},"end":{"line":328,"column":null}},"type":"if","locations":[{"start":{"line":328,"column":10},"end":{"line":328,"column":null}},{"start":{},"end":{}}],"line":328},"6":{"loc":{"start":{"line":334,"column":19},"end":{"line":334,"column":null}},"type":"binary-expr","locations":[{"start":{"line":334,"column":19},"end":{"line":334,"column":34}},{"start":{"line":334,"column":34},"end":{"line":334,"column":null}}],"line":334},"7":{"loc":{"start":{"line":340,"column":12},"end":{"line":360,"column":null}},"type":"if","locations":[{"start":{"line":340,"column":12},"end":{"line":360,"column":null}},{"start":{"line":342,"column":12},"end":{"line":360,"column":null}}],"line":340},"8":{"loc":{"start":{"line":342,"column":12},"end":{"line":360,"column":null}},"type":"if","locations":[{"start":{"line":342,"column":12},"end":{"line":360,"column":null}},{"start":{"line":344,"column":12},"end":{"line":360,"column":null}}],"line":342},"9":{"loc":{"start":{"line":344,"column":12},"end":{"line":360,"column":null}},"type":"if","locations":[{"start":{"line":344,"column":12},"end":{"line":360,"column":null}},{"start":{},"end":{}}],"line":344},"10":{"loc":{"start":{"line":344,"column":23},"end":{"line":344,"column":71}},"type":"binary-expr","locations":[{"start":{"line":344,"column":23},"end":{"line":344,"column":38}},{"start":{"line":344,"column":38},"end":{"line":344,"column":58}},{"start":{"line":344,"column":58},"end":{"line":344,"column":71}}],"line":344},"11":{"loc":{"start":{"line":352,"column":16},"end":{"line":354,"column":null}},"type":"if","locations":[{"start":{"line":352,"column":16},"end":{"line":354,"column":null}},{"start":{},"end":{}}],"line":352},"12":{"loc":{"start":{"line":364,"column":8},"end":{"line":368,"column":null}},"type":"if","locations":[{"start":{"line":364,"column":8},"end":{"line":368,"column":null}},{"start":{"line":366,"column":15},"end":{"line":368,"column":null}}],"line":364}},"s":{"0":0,"1":0,"2":0,"3":0,"4":0,"5":0,"6":0,"7":0,"8":0,"9":0,"10":0,"11":0,"12":0,"13":0,"14":0,"15":0,"16":0,"17":0,"18":0,"19":0,"20":0,"21":0,"22":0,"23":0,"24":0,"25":0,"26":0,"27":0,"28":0,"29":0,"30":0,"31":0,"32":0,"33":0,"34":0,"35":0,"36":0,"37":0,"38":0,"39":0,"40":0,"41":0,"42":0,"43":0,"44":0,"45":0,"46":0},"f":{"0":0,"1":0,"2":0,"3":0,"4":0,"5":0,"6":0,"7":0},"b":{"0":[0,0],"1":[0,0],"2":[0,0],"3":[0,0],"4":[0,0],"5":[0,0],"6":[0,0],"7":[0,0],"8":[0,0],"9":[0,0],"10":[0,0,0],"11":[0,0],"12":[0,0]},"meta":{"lastBranch":13,"lastFunction":8,"lastStatement":47,"seen":{"f:90:22:90:83":0,"s:91:2:91:Infinity":0,"f:104:22:104:30":1,"s:105:2:105:Infinity":1,"b:105:48:105:59:105:59:105:63":0,"f:112:22:112:66":2,"s:113:2:113:Infinity":2,"f:120:22:120:35":3,"s:121:2:121:Infinity":3,"f:127:22:127:67":4,"s:128:2:128:Infinity":4,"f:287:22:287:Infinity":5,"s:291:2:371:Infinity":5,"f:291:21:291:22":6,"s:294:16:294:Infinity":6,"s:297:10:297:Infinity":7,"s:299:4:370:Infinity":8,"b:304:20:304:61:304:61:304:Infinity":1,"b:307:27:307:38:307:38:307:40":2,"f:309:12:309:19":7,"b:310:8:314:Infinity:undefined:undefined:undefined:undefined":3,"s:310:8:314:Infinity":9,"s:311:24:311:Infinity":10,"s:312:10:312:Infinity":11,"s:313:10:313:Infinity":12,"s:316:23:316:Infinity":13,"b:317:8:320:Infinity:undefined:undefined:undefined:undefined":4,"s:317:8:320:Infinity":14,"s:318:10:318:Infinity":15,"s:319:10:319:Infinity":16,"s:322:24:322:Infinity":17,"s:323:21:323:Infinity":18,"s:324:50:324:Infinity":19,"s:326:8:362:Infinity":20,"s:327:34:327:Infinity":21,"b:328:10:328:Infinity:undefined:undefined:undefined:undefined":5,"s:328:10:328:Infinity":22,"s:328:20:328:Infinity":23,"s:330:10:330:Infinity":24,"s:333:24:333:Infinity":25,"s:334:10:334:Infinity":26,"b:334:19:334:34:334:34:334:Infinity":6,"s:336:33:336:Infinity":27,"s:337:28:337:Infinity":28,"s:339:10:361:Infinity":29,"b:340:12:360:Infinity:342:12:360:Infinity":7,"s:340:12:360:Infinity":30,"s:341:14:341:Infinity":31,"b:342:12:360:Infinity:344:12:360:Infinity":8,"s:342:12:360:Infinity":32,"s:343:14:343:Infinity":33,"b:344:12:360:Infinity:undefined:undefined:undefined:undefined":9,"s:344:12:360:Infinity":34,"b:344:23:344:38:344:38:344:58:344:58:344:71":10,"s:346:14:357:Infinity":35,"s:347:34:347:Infinity":36,"s:348:16:348:Infinity":37,"s:349:16:349:Infinity":38,"b:352:16:354:Infinity:undefined:undefined:undefined:undefined":11,"s:352:16:354:Infinity":39,"s:353:18:353:Infinity":40,"s:356:16:356:Infinity":41,"s:358:14:358:Infinity":42,"s:359:14:359:Infinity":43,"b:364:8:368:Infinity:366:15:368:Infinity":12,"s:364:8:368:Infinity":44,"s:365:10:365:Infinity":45,"s:367:10:367:Infinity":46}}}
,"/Users/malte.winckler/Documents/personal/banking-bot/services/frontend/src/api/transactions.ts": {"path":"/Users/malte.winckler/Documents/personal/banking-bot/services/frontend/src/api/transactions.ts","statementMap":{"0":{"start":{"line":18,"column":8},"end":{"line":18,"column":null}},"1":{"start":{"line":19,"column":2},"end":{"line":19,"column":null}},"2":{"start":{"line":28,"column":2},"end":{"line":28,"column":null}},"3":{"start":{"line":49,"column":2},"end":{"line":49,"column":null}},"4":{"start":{"line":68,"column":2},"end":{"line":68,"column":null}},"5":{"start":{"line":82,"column":2},"end":{"line":82,"column":null}},"6":{"start":{"line":89,"column":2},"end":{"line":89,"column":null}},"7":{"start":{"line":96,"column":2},"end":{"line":96,"column":null}}},"fnMap":{"0":{"name":"listTransactions","decl":{"start":{"line":17,"column":22},"end":{"line":17,"column":39}},"loc":{"start":{"line":17,"column":106},"end":{"line":20,"column":null}},"line":17},"1":{"name":"getTransaction","decl":{"start":{"line":27,"column":22},"end":{"line":27,"column":37}},"loc":{"start":{"line":27,"column":71},"end":{"line":29,"column":null}},"line":27},"2":{"name":"createTransaction","decl":{"start":{"line":48,"column":22},"end":{"line":48,"column":40}},"loc":{"start":{"line":48,"column":91},"end":{"line":50,"column":null}},"line":48},"3":{"name":"createSimpleTransaction","decl":{"start":{"line":67,"column":22},"end":{"line":67,"column":46}},"loc":{"start":{"line":67,"column":103},"end":{"line":69,"column":null}},"line":67},"4":{"name":"updateTransaction","decl":{"start":{"line":81,"column":22},"end":{"line":81,"column":40}},"loc":{"start":{"line":81,"column":103},"end":{"line":83,"column":null}},"line":81},"5":{"name":"postTransaction","decl":{"start":{"line":88,"column":22},"end":{"line":88,"column":38}},"loc":{"start":{"line":88,"column":72},"end":{"line":90,"column":null}},"line":88},"6":{"name":"unpostTransaction","decl":{"start":{"line":95,"column":22},"end":{"line":95,"column":40}},"loc":{"start":{"line":95,"column":74},"end":{"line":97,"column":null}},"line":95}},"branchMap":{"0":{"loc":{"start":{"line":18,"column":33},"end":{"line":18,"column":45}},"type":"binary-expr","locations":[{"start":{"line":18,"column":33},"end":{"line":18,"column":43}},{"start":{"line":18,"column":43},"end":{"line":18,"column":45}}],"line":18}},"s":{"0":0,"1":0,"2":0,"3":0,"4":0,"5":0,"6":0,"7":0},"f":{"0":0,"1":0,"2":0,"3":0,"4":0,"5":0,"6":0},"b":{"0":[0,0]},"meta":{"lastBranch":1,"lastFunction":7,"lastStatement":8,"seen":{"f:17:22:17:39":0,"s:18:8:18:Infinity":0,"b:18:33:18:43:18:43:18:45":0,"s:19:2:19:Infinity":1,"f:27:22:27:37":1,"s:28:2:28:Infinity":2,"f:48:22:48:40":2,"s:49:2:49:Infinity":3,"f:67:22:67:46":3,"s:68:2:68:Infinity":4,"f:81:22:81:40":4,"s:82:2:82:Infinity":5,"f:88:22:88:38":5,"s:89:2:89:Infinity":6,"f:95:22:95:40":6,"s:96:2:96:Infinity":7}}}
[...]
type":"cond-expr","locations":[{"start":{"line":282,"column":64},"end":{"line":282,"column":74}},{"start":{"line":282,"column":74},"end":{"line":282,"column":null}}],"line":282},"30":{"loc":{"start":{"line":285,"column":56},"end":{"line":285,"column":95}},"type":"cond-expr","locations":[{"start":{"line":285,"column":69},"end":{"line":285,"column":93}},{"start":{"line":285,"column":93},"end":{"line":285,"column":95}}],"line":285}},"s":{"0":0,"1":0,"2":0,"3":0,"4":0,"5":0,"6":0,"7":0,"8":0,"9":0,"10":0,"11":0,"12":0,"13":0,"14":0,"15":0,"16":0,"17":0,"18":0,"19":0,"20":0,"21":0,"22":0,"23":0,"24":0,"25":0,"26":0,"27":0,"28":0,"29":0,"30":0,"31":0,"32":0,"33":0,"34":0},"f":{"0":0,"1":0,"2":0,"3":0,"4":0,"5":0,"6":0,"7":0,"8":0,"9":0,"10":0,"11":0,"12":0,"13":0,"14":0,"15":0,"16":0,"17":0,"18":0},"b":{"0":[0,0],"1":[0,0],"2":[0,0],"3":[0,0],"4":[0,0],"5":[0,0],"6":[0,0],"7":[0,0],"8":[0,0],"9":[0,0],"10":[0,0],"11":[0,0],"12":[0,0],"13":[0,0],"14":[0,0],"15":[0,0],"16":[0,0],"17":[0,0],"18":[0,0],"19":[0,0],"20":[0,0],"21":[0,0],"22":[0,0],"23":[0,0],"24":[0,0],"25":[0,0,0],"26":[0,0],"27":[0,0],"28":[0,0],"29":[0,0],"30":[0,0]},"meta":{"lastBranch":31,"lastFunction":19,"lastStatement":35,"seen":{"s:29:13:31:Infinity":0,"f:33:9:33:24":0,"b:34:2:36:Infinity:undefined:undefined:undefined:undefined":0,"s:34:2:36:Infinity":1,"s:35:4:35:Infinity":2,"s:37:2:37:Infinity":3,"f:40:9:40:28":1,"s:41:36:41:Infinity":4,"s:42:22:42:Infinity":5,"s:43:38:43:Infinity":6,"s:44:40:44:Infinity":7,"s:45:56:45:Infinity":8,"s:47:33:55:Infinity":9,"f:49:13:49:19":2,"s:49:13:54:Infinity":10,"b:52:46:52:58:52:58:52:Infinity":1,"s:57:23:57:Infinity":11,"b:57:23:57:45:57:45:57:Infinity":2,"s:60:8:68:Infinity":12,"f:60:39:60:Infinity":3,"s:61:4:66:Infinity":13,"b:62:8:65:Infinity:66:8:66:Infinity":3,"f:62:28:62:Infinity":4,"s:63:10:64:Infinity":14,"b:63:10:63:Infinity:64:11:64:Infinity":4,"s:71:8:74:Infinity":15,"f:72:4:72:10":5,"s:72:10:72:Infinity":16,"f:72:35:72:42":6,"s:72:42:72:48":17,"s:77:8:79:Infinity":18,"f:77:37:77:38":7,"s:78:4:78:Infinity":19,"s:81:2:305:Infinity":20,"b:89:13:89:Infinity:90:14:92:Infinity":5,"f:110:26:110:27":8,"s:110:33:110:Infinity":21,"b:116:38:116:50:116:50:116:Infinity":6,"f:118:25:118:31":9,"s:118:31:118:Infinity":22,"b:123:39:123:51:123:51:123:Infinity":7,"f:125:25:125:31":10,"s:125:31:125:Infinity":23,"b:130:39:130:51:130:51:130:Infinity":8,"f:132:25:132:31":11,"s:132:31:132:Infinity":24,"b:142:50:142:62:142:62:142:Infinity":9,"f:144:25:144:31":12,"s:144:31:144:Infinity":25,"b:149:53:149:65:149:65:149:Infinity":10,"f:151:25:151:31":13,"s:151:31:151:Infinity":26,"b:156:52:156:64:156:64:156:Infinity":11,"f:158:25:158:31":14,"s:158:31:158:Infinity":27,"b:166:41:166:55:166:55:166:Infinity":12,"f:168:25:168:31":15,"s:168:31:168:Infinity":28,"b:172:33:172:52:172:52:172:Infinity":13,"b:184:13:184:Infinity:185:14:187:Infinity":14,"b:193:12:195:Infinity:196:14:293:Infinity":15,"b:197:12:199:Infinity:200:14:293:Infinity":16,"b:201:12:209:Infinity:211:12:293:Infinity":17,"b:205:20:205:Infinity:206:20:206:Infinity":18,"f:212:40:212:41":16,"s:213:34:213:Infinity":29,"s:214:35:214:Infinity":30,"s:215:31:215:Infinity":31,"s:217:16:290:Infinity":32,"f:220:29:220:35":17,"s:220:35:220:Infinity":33,"b:227:26:227:Infinity:228:26:230:Infinity":19,"b:229:28:229:Infinity:230:28:230:Infinity":20,"b:234:24:234:Infinity:235:26:238:Infinity":21,"b:236:24:236:Infinity:238:24:238:Infinity":22,"b:248:25:248:39:248:39:248:Infinity":23,"b:256:25:256:Infinity:257:26:262:Infinity":24,"b:265:26:265:48:265:48:265:Infinity:266:26:275:Infinity":25,"b:269:31:269:53:269:53:269:Infinity":26,"b:273:31:273:52:273:52:273:Infinity":27,"b:282:42:282:52:282:52:282:Infinity":28,"b:282:64:282:74:282:74:282:Infinity":29,"b:285:69:285:93:285:93:285:95":30,"f:302:17:302:23":18,"s:302:23:302:Infinity":34}}}
,"/Users/malte.winckler/Documents/personal/banking-bot/services/frontend/src/routes/_auth/login.tsx": {"path":"/Users/malte.winckler/Documents/personal/banking-bot/services/frontend/src/routes/_auth/login.tsx","statementMap":{"0":{"start":{"line":9,"column":13},"end":{"line":11,"column":null}},"1":{"start":{"line":14,"column":8},"end":{"line":14,"column":null}},"2":{"start":{"line":15,"column":8},"end":{"line":15,"column":null}},"3":{"start":{"line":16,"column":18},"end":{"line":16,"column":null}},"4":{"start":{"line":17,"column":38},"end":{"line":17,"column":null}},"5":{"start":{"line":18,"column":32},"end":{"line":18,"column":null}},"6":{"start":{"line":19,"column":24},"end":{"line":19,"column":null}},"7":{"start":{"line":21,"column":22},"end":{"line":24,"column":null}},"8":{"start":{"line":26,"column":23},"end":{"line":44,"column":null}},"9":{"start":{"line":27,"column":4},"end":{"line":27,"column":null}},"10":{"start":{"line":28,"column":4},"end":{"line":28,"column":null}},"11":{"start":{"line":29,"column":4},"end":{"line":29,"column":null}},"12":{"start":{"line":31,"column":4},"end":{"line":43,"column":null}},"13":{"start":{"line":32,"column":6},"end":{"line":32,"column":null}},"14":{"start":{"line":34,"column":19},"end":{"line":34,"column":null}},"15":{"start":{"line":35,"column":6},"end":{"line":35,"column":null}},"16":{"start":{"line":37,"column":6},"end":{"line":37,"column":null}},"17":{"start":{"line":38,"column":6},"end":{"line":38,"column":null}},"18":{"start":{"line":40,"column":6},"end":{"line":40,"column":null}},"19":{"start":{"line":42,"column":6},"end":{"line":42,"column":null}},"20":{"start":{"line":46,"column":2},"end":{"line":117,"column":null}},"21":{"start":{"line":71,"column":31},"end":{"line":71,"column":null}},"22":{"start":{"line":83,"column":31},"end":{"line":83,"column":null}},"23":{"start":{"line":88,"column":33},"end":{"line":88,"column":null}}},"fnMap":{"0":{"name":"LoginPage","decl":{"start":{"line":13,"column":9},"end":{"line":13,"column":21}},"loc":{"start":{"line":13,"column":21},"end":{"line":119,"column":null}},"line":13},"1":{"name":"(anonymous_1)","decl":{"start":{"line":26,"column":23},"end":{"line":26,"column":30}},"loc":{"start":{"line":26,"column":53},"end":{"line":44,"column":null}},"line":26},"2":{"name":"(anonymous_2)","decl":{"start":{"line":71,"column":24},"end":{"line":71,"column":25}},"loc":{"start":{"line":71,"column":31},"end":{"line":71,"column":null}},"line":71},"3":{"name":"(anonymous_3)","decl":{"start":{"line":83,"column":24},"end":{"line":83,"column":25}},"loc":{"start":{"line":83,"column":31},"end":{"line":83,"column":null}},"line":83},"4":{"name":"(anonymous_4)","decl":{"start":{"line":88,"column":27},"end":{"line":88,"column":33}},"loc":{"start":{"line":88,"column":33},"end":{"line":88,"column":null}},"line":88}},"branchMap":{"0":{"loc":{"start":{"line":40,"column":15},"end":{"line":40,"column":66}},"type":"cond-expr","locations":[{"start":{"line":40,"column":38},"end":{"line":40,"column":52}},{"start":{"line":40,"column":52},"end":{"line":40,"column":66}}],"line":40},"1":{"loc":{"start":{"line":61,"column":11},"end":{"line":62,"column":null}},"type":"binary-expr","locations":[{"start":{"line":61,"column":11},"end":{"line":61,"column":null}},{"start":{"line":62,"column":12},"end":{"line":62,"column":null}}],"line":61},"2":{"loc":{"start":{"line":80,"column":20},"end":{"line":80,"column":null}},"type":"cond-expr","locations":[{"start":{"line":80,"column":35},"end":{"line":80,"column":44}},{"start":{"line":80,"column":44},"end":{"line":80,"column":null}}],"line":80},"3":{"loc":{"start":{"line":91,"column":19},"end":{"line":91,"column":null}},"type":"cond-expr","locations":[{"start":{"line":91,"column":34},"end":{"line":91,"column":67}},{"start":{"line":91,"column":67},"end":{"line":91,"column":null}}],"line":91}},"s":{"0":0,"1":0,"2":0,"3":0,"4":0,"5":0,"6":0,"7":0,"8":0,"9":0,"10":0,"11":0,"12":0,"13":0,"14":0,"15":0,"16":0,"17":0,"18":0,"19":0,"20":0,"21":0,"22":0,"23":0},"f":{"0":0,"1":0,"2":0,"3":0,"4":0},"b":{"0":[0,0],"1":[0,0],"2":[0,0],"3":[0,0]},"meta":{"lastBranch":4,"lastFunction":5,"lastStatement":24,"seen":{"s:9:13:11:Infinity":0,"f:13:9:13:21":0,"s:14:8:14:Infinity":1,"s:15:8:15:Infinity":2,"s:16:18:16:Infinity":3,"s:17:38:17:Infinity":4,"s:18:32:18:Infinity":5,"s:19:24:19:Infinity":6,"s:21:22:24:Infinity":7,"s:26:23:44:Infinity":8,"f:26:23:26:30":1,"s:27:4:27:Infinity":9,"s:28:4:28:Infinity":10,"s:29:4:29:Infinity":11,"s:31:4:43:Infinity":12,"s:32:6:32:Infinity":13,"s:34:19:34:Infinity":14,"s:35:6:35:Infinity":15,"s:37:6:37:Infinity":16,"s:38:6:38:Infinity":17,"s:40:6:40:Infinity":18,"b:40:38:40:52:40:52:40:66":0,"s:42:6:42:Infinity":19,"s:46:2:117:Infinity":20,"b:61:11:61:Infinity:62:12:62:Infinity":1,"f:71:24:71:25":2,"s:71:31:71:Infinity":21,"b:80:35:80:44:80:44:80:Infinity":2,"f:83:24:83:25":3,"s:83:31:83:Infinity":22,"f:88:27:88:33":4,"s:88:33:88:Infinity":23,"b:91:34:91:67:91:67:91:Infinity":3}}}
,"/Users/malte.winckler/Documents/personal/banking-bot/services/frontend/src/routes/_auth/register.tsx": {"path":"/Users/malte.winckler/Documents/personal/banking-bot/services/frontend/src/routes/_auth/register.tsx","statementMap":{"0":{"start":{"line":9,"column":13},"end":{"line":11,"column":null}},"1":{"start":{"line":14,"column":8},"end":{"line":14,"column":null}},"2":{"start":{"line":15,"column":8},"end":{"line":15,"column":null}},"3":{"start":{"line":16,"column":18},"end":{"line":16,"column":null}},"4":{"start":{"line":17,"column":38},"end":{"line":17,"column":null}},"5":{"start":{"line":18,"column":32},"end":{"line":18,"column":null}},"6":{"start":{"line":19,"column":24},"end":{"line":19,"column":null}},"7":{"start":{"line":21,"column":22},"end":{"line":25,"column":null}},"8":{"start":{"line":27,"column":23},"end":{"line":59,"column":null}},"9":{"start":{"line":28,"column":4},"end":{"line":28,"column":null}},"10":{"start":{"line":29,"column":4},"end":{"line":29,"column":null}},"11":{"start":{"line":31,"column":4},"end":{"line":34,"column":null}},"12":{"start":{"line":32,"column":6},"end":{"line":32,"column":null}},"13":{"start":{"line":33,"column":6},"end":{"line":33,"column":null}},"14":{"start":{"line":36,"column":4},"end":{"line":39,"column":null}},"15":{"start":{"line":37,"column":6},"end":{"line":37,"column":null}},"16":{"start":{"line":38,"column":6},"end":{"line":38,"column":null}},"17":{"start":{"line":41,"column":4},"end":{"line":41,"column":null}},"18":{"start":{"line":43,"column":4},"end":{"line":58,"column":null}},"19":{"start":{"line":44,"column":6},"end":{"line":47,"column":null}},"20":{"start":{"line":49,"column":19},"end":{"line":49,"column":null}},"21":{"start":{"line":50,"column":6},"end":{"line":50,"column":null}},"22":{"start":{"line":52,"column":6},"end":{"line":52,"column":null}},"23":{"start":{"line":53,"column":6},"end":{"line":53,"column":null}},"24":{"start":{"line":55,"column":6},"end":{"line":55,"column":null}},"25":{"start":{"line":57,"column":6},"end":{"line":57,"column":null}},"26":{"start":{"line":61,"column":2},"end":{"line":144,"column":null}},"27":{"start":{"line":86,"column":31},"end":{"line":86,"column":null}},"28":{"start":{"line":98,"column":31},"end":{"line":98,"column":null}},"29":{"start":{"line":103,"column":33},"end":{"line":103,"column":null}},"30":{"start":{"line":119,"column":31},"end":{"line":119,"column":null}}},"fnMap":{"0":{"name":"RegisterPage","decl":{"start":{"line":13,"column":9},"end":{"line":13,"column":24}},"loc":{"start":{"line":13,"column":24},"end":{"line":146,"column":null}},"line":13},"1":{"name":"(anonymous_1)","decl":{"start":{"line":27,"column":23},"end":{"line":27,"column":30}},"loc":{"start":{"line":27,"column":53},"end":{"line":59,"column":null}},"line":27},"2":{"name":"(anonymous_2)","decl":{"start":{"line":86,"column":24},"end":{"line":86,"column":25}},"loc":{"start":{"line":86,"column":31},"end":{"line":86,"column":null}},"line":86},"3":{"name":"(anonymous_3)","decl":{"start":{"line":98,"column":24},"end":{"line":98,"column":25}},"loc":{"start":{"line":98,"column":31},"end":{"line":98,"column":null}},"line":98},"4":{"name":"(anonymous_4)","decl":{"start":{"line":103,"column":27},"end":{"line":103,"column":33}},"loc":{"start":{"line":103,"column":33},"end":{"line":103,"column":null}},"line":103},"5":{"name":"(anonymous_5)","decl":{"start":{"line":119,"column":24},"end":{"line":119,"column":25}},"loc":{"start":{"line":119,"column":31},"end":{"line":119,"column":null}},"line":119}},"branchMap":{"0":{"loc":{"start":{"line":31,"column":4},"end":{"line":34,"column":null}},"type":"if","locations":[{"start":{"line":31,"column":4},"end":{"line":34,"column":null}},{"start":{},"end":{}}],"line":31},"1":{"loc":{"start":{"line":36,"column":4},"end":{"line":39,"column":null}},"type":"if","locations":[{"start":{"line":36,"column":4},"end":{"line":39,"column":null}},{"start":{},"end":{}}],"line":36},"2":{"loc":{"start":{"line":55,"column":15},"end":{"line":55,"column":73}},"type":"cond-expr","locations":[{"start":{"line":55,"column":38},"end":{"line":55,"column":52}},{"start":{"line":55,"column":52},"end":{"line":55,"column":73}}],"line":55},"3":{"loc":{"start":{"line":76,"column":11},"end":{"line":77,"column":null}},"type":"binary-expr","locations":[{"start":{"line":76,"column":11},"end":{"line":76,"column":null}},{"start":{"line":77,"column":12},"end":{"line":77,"column":null}}],"line":76},"4":{"loc":{"start":{"line":95,"column":20},"end":{"line":95,"column":null}},"type":"cond-expr","locations":[{"start":{"line":95,"column":35},"end":{"line":95,"column":44}},{"start":{"line":95,"column":44},"end":{"line":95,"column":null}}],"line":95},"5":{"loc":{"start":{"line":106,"column":19},"end":{"line":106,"column":null}},"type":"cond-expr","locations":[{"start":{"line":106,"column":34},"end":{"line":106,"column":67}},{"start":{"line":106,"column":67},"end":{"line":106,"column":null}}],"line":106},"6":{"loc":{"start":{"line":116,"column":20},"end":{"line":116,"column":null}},"type":"cond-expr","locations":[{"start":{"line":116,"column":35},"end":{"line":116,"column":44}},{"start":{"line":116,"column":44},"end":{"line":116,"column":null}}],"line":116}},"s":{"0":0,"1":0,"2":0,"3":0,"4":0,"5":0,"6":0,"7":0,"8":0,"9":0,"10":0,"11":0,"12":0,"13":0,"14":0,"15":0,"16":0,"17":0,"18":0,"19":0,"20":0,"21":0,"22":0,"23":0,"24":0,"25":0,"26":0,"27":0,"28":0,"29":0,"30":0},"f":{"0":0,"1":0,"2":0,"3":0,"4":0,"5":0},"b":{"0":[0,0],"1":[0,0],"2":[0,0],"3":[0,0],"4":[0,0],"5":[0,0],"6":[0,0]},"meta":{"lastBranch":7,"lastFunction":6,"lastStatement":31,"seen":{"s:9:13:11:Infinity":0,"f:13:9:13:24":0,"s:14:8:14:Infinity":1,"s:15:8:15:Infinity":2,"s:16:18:16:Infinity":3,"s:17:38:17:Infinity":4,"s:18:32:18:Infinity":5,"s:19:24:19:Infinity":6,"s:21:22:25:Infinity":7,"s:27:23:59:Infinity":8,"f:27:23:27:30":1,"s:28:4:28:Infinity":9,"s:29:4:29:Infinity":10,"b:31:4:34:Infinity:undefined:undefined:undefined:undefined":0,"s:31:4:34:Infinity":11,"s:32:6:32:Infinity":12,"s:33:6:33:Infinity":13,"b:36:4:39:Infinity:undefined:undefined:undefined:undefined":1,"s:36:4:39:Infinity":14,"s:37:6:37:Infinity":15,"s:38:6:38:Infinity":16,"s:41:4:41:Infinity":17,"s:43:4:58:Infinity":18,"s:44:6:47:Infinity":19,"s:49:19:49:Infinity":20,"s:50:6:50:Infinity":21,"s:52:6:52:Infinity":22,"s:53:6:53:Infinity":23,"s:55:6:55:Infinity":24,"b:55:38:55:52:55:52:55:73":2,"s:57:6:57:Infinity":25,"s:61:2:144:Infinity":26,"b:76:11:76:Infinity:77:12:77:Infinity":3,"f:86:24:86:25":2,"s:86:31:86:Infinity":27,"b:95:35:95:44:95:44:95:Infinity":4,"f:98:24:98:25":3,"s:98:31:98:Infinity":28,"f:103:27:103:33":4,"s:103:33:103:Infinity":29,"b:106:34:106:67:106:67:106:Infinity":5,"b:116:35:116:44:116:44:116:Infinity":6,"f:119:24:119:25":5,"s:119:31:119:Infinity":30}}}
,"/Users/malte.winckler/Documents/personal/banking-bot/services/frontend/src/stores/auth.ts": {"path":"/Users/malte.winckler/Documents/personal/banking-bot/services/frontend/src/stores/auth.ts","statementMap":{"0":{"start":{"line":25,"column":13},"end":{"line":80,"column":null}},"1":{"start":{"line":25,"column":56},"end":{"line":80,"column":2}},"2":{"start":{"line":33,"column":4},"end":{"line":33,"column":null}},"3":{"start":{"line":36,"column":10},"end":{"line":36,"column":null}},"4":{"start":{"line":38,"column":4},"end":{"line":48,"column":null}},"5":{"start":{"line":40,"column":6},"end":{"line":47,"column":null}},"6":{"start":{"line":41,"column":21},"end":{"line":41,"column":null}},"7":{"start":{"line":42,"column":8},"end":{"line":42,"column":null}},"8":{"start":{"line":43,"column":8},"end":{"line":43,"column":null}},"9":{"start":{"line":46,"column":8},"end":{"line":46,"column":null}},"10":{"start":{"line":51,"column":22},"end":{"line":51,"column":null}},"11":{"start":{"line":53,"column":4},"end":{"line":62,"column":null}},"12":{"start":{"line":54,"column":6},"end":{"line":61,"column":null}},"13":{"start":{"line":55,"column":21},"end":{"line":55,"column":null}},"14":{"start":{"line":56,"column":8},"end":{"line":56,"column":null}},"15":{"start":{"line":57,"column":8},"end":{"line":57,"column":null}},"16":{"start":{"line":60,"column":8},"end":{"line":60,"column":null}},"17":{"start":{"line":65,"column":4},"end":{"line":65,"column":null}},"18":{"start":{"line":69,"column":4},"end":{"line":69,"column":null}},"19":{"start":{"line":73,"column":4},"end":{"line":73,"column":null}},"20":{"start":{"line":74,"column":4},"end":{"line":74,"column":null}},"21":{"start":{"line":78,"column":4},"end":{"line":78,"column":null}}},"fnMap":{"0":{"name":"(anonymous_0)","decl":{"start":{"line":25,"column":46},"end":{"line":25,"column":47}},"loc":{"start":{"line":25,"column":56},"end":{"line":80,"column":2}},"line":25},"1":{"name":"(anonymous_1)","decl":{"start":{"line":31,"column":14},"end":{"line":31,"column":26}},"loc":{"start":{"line":31,"column":26},"end":{"line":66,"column":null}},"line":31},"2":{"name":"(anonymous_2)","decl":{"start":{"line":68,"column":11},"end":{"line":68,"column":12}},"loc":{"start":{"line":68,"column":21},"end":{"line":70,"column":null}},"line":68},"3":{"name":"(anonymous_3)","decl":{"start":{"line":72,"column":10},"end":{"line":72,"column":22}},"loc":{"start":{"line":72,"column":22},"end":{"line":75,"column":null}},"line":72},"4":{"name":"(anonymous_4)","decl":{"start":{"line":77,"column":14},"end":{"line":77,"column":20}},"loc":{"start":{"line":77,"column":20},"end":{"line":79,"column":null}},"line":77}},"branchMap":{"0":{"loc":{"start":{"line":38,"column":4},"end":{"line":48,"column":null}},"type":"if","locations":[{"start":{"line":38,"column":4},"end":{"line":48,"column":null}},{"start":{},"end":{}}],"line":38},"1":{"loc":{"start":{"line":53,"column":4},"end":{"line":62,"column":null}},"type":"if","locations":[{"start":{"line":53,"column":4},"end":{"line":62,"column":null}},{"start":{},"end":{}}],"line":53}},"s":{"0":0,"1":0,"2":0,"3":0,"4":0,"5":0,"6":0,"7":0,"8":0,"9":0,"10":0,"11":0,"12":0,"13":0,"14":0,"15":0,"16":0,"17":0,"18":0,"19":0,"20":0,"21":0},"f":{"0":0,"1":0,"2":0,"3":0,"4":0},"b":{"0":[0,0],"1":[0,0]},"meta":{"lastBranch":2,"lastFunction":5,"lastStatement":22,"seen":{"s:25:13:80:Infinity":0,"f:25:46:25:47":0,"s:25:56:80:2":1,"f:31:14:31:26":1,"s:33:4:33:Infinity":2,"s:36:10:36:Infinity":3,"b:38:4:48:Infinity:undefined:undefined:undefined:undefined":0,"s:38:4:48:Infinity":4,"s:40:6:47:Infinity":5,"s:41:21:41:Infinity":6,"s:42:8:42:Infinity":7,"s:43:8:43:Infinity":8,"s:46:8:46:Infinity":9,"s:51:22:51:Infinity":10,"b:53:4:62:Infinity:undefined:undefined:undefined:undefined":1,"s:53:4:62:Infinity":11,"s:54:6:61:Infinity":12,"s:55:21:55:Infinity":13,"s:56:8:56:Infinity":14,"s:57:8:57:Infinity":15,"s:60:8:60:Infinity":16,"s:65:4:65:Infinity":17,"f:68:11:68:12":2,"s:69:4:69:Infinity":18,"f:72:10:72:22":3,"s:73:4:73:Infinity":19,"s:74:4:74:Infinity":20,"f:77:14:77:20":4,"s:78:4:78:Infinity":21}}}
,"/Users/malte.winckler/Documents/personal/banking-bot/services/frontend/src/stores/index.ts": {"path":"/Users/malte.winckler/Documents/personal/banking-bot/services/frontend/src/stores/index.ts","statementMap":{},"fnMap":{},"branchMap":{},"s":{},"f":{},"b":{},"meta":{"lastBranch":0,"lastFunction":0,"lastStatement":0,"seen":{}}}
}
